#
# A fatal error has been detected by the Java Runtime Environment:
#
#  EXCEPTION_ACCESS_VIOLATION (0xc0000005) at pc=0x0000000051bf60d0, pid=70324, tid=65816
#
# JRE version: Java(TM) SE Runtime Environment (8.0_77-b03) (build 1.8.0_77-b03)
# Java VM: Java HotSpot(TM) 64-Bit Server VM (25.77-b03 mixed mode windows-amd64 compressed oops)
# Problematic frame:
# C  [nvoglv64.dll+0x6660d0]
#
# Failed to write core dump. Minidumps are not enabled by default on client versions of Windows
#
# If you would like to submit a bug report, please visit:
#   http://bugreport.java.com/bugreport/crash.jsp
# The crash happened outside the Java Virtual Machine in native code.
# See problematic frame for where to report the bug.
#

---------------  T H R E A D  ---------------

Current thread (0x000000000458d800):  JavaThread "main" [_thread_in_native, id=65816, stack(0x0000000004660000,0x0000000004760000)]

siginfo: ExceptionCode=0xc0000005, reading address 0x0000000000000000

Registers:
RAX=0x0000000000000000, RBX=0x0000000000000000, RCX=0x00000000fffffffe, RDX=0x000000002fecffc0
RSP=0x000000000475ee80, RBP=0x0000000000000074, RSI=0x0000000000000012, RDI=0x000000002d76c080
R8 =0x0000000000000002, R9 =0x0000000000000048, R10=0x000000002fecffa4, R11=0x000000002fecffbc
R12=0x0000000000000000, R13=0x000000002fecffc0, R14=0x0000000000000000, R15=0x0000000000000002
RIP=0x0000000051bf60d0, EFLAGS=0x0000000000010293

Top of Stack: (sp=0x000000000475ee80)
0x000000000475ee80:   000000000458d320 00000000541da496
0x000000000475ee90:   000000000475f398 000000000458df80
0x000000000475eea0:   00000000000003d8 000000000458df90
0x000000000475eeb0:   000000002767d5b8 000000000458d800
0x000000000475eec0:   000000002767d5b8 000000000458d800
0x000000000475eed0:   0000000000000000 0000000000000000
0x000000000475eee0:   000000000475efe0 000000002767d5b8
0x000000000475eef0:   0000000000000000 0000000004867ced
0x000000000475ef00:   00000000297aece0 0000000004875e34
0x000000000475ef10:   000000000475efa0 0000000000000048
0x000000000475ef20:   000000000458d800 000000002767d5b8
0x000000000475ef30:   0000000000001405 0000000000000000
0x000000000475ef40:   00000000297aece0 000000000458d800
0x000000000475ef50:   000000000475f058 0000000004875b62
0x000000000475ef60:   000000000475ef60 000000002767d5b8
0x000000000475ef70:   000000000475efe0 000000002bb80028 

Instructions: (pc=0x0000000051bf60d0)
0x0000000051bf60b0:   6f 2d 5a 39 51 01 66 0f 6f 5c 24 50 c1 e9 03 ff
0x0000000051bf60c0:   c1 44 8b f9 f7 d9 45 8d 04 c8 66 0f 1f 44 00 00
0x0000000051bf60d0:   f3 0f 6f 10 f3 0f 6f 48 10 66 0f 6f c2 66 0f eb
0x0000000051bf60e0:   c3 48 83 c0 20 66 0f 6f d8 66 0f eb d9 0f 18 00 


Register to memory mapping:

RAX=0x0000000000000000 is an unknown value
RBX=0x0000000000000000 is an unknown value
RCX=0x00000000fffffffe is an unknown value
RDX=0x000000002fecffc0 is an unknown value
RSP=0x000000000475ee80 is pointing into the stack for thread: 0x000000000458d800
RBP=0x0000000000000074 is an unknown value
RSI=0x0000000000000012 is an unknown value
RDI=0x000000002d76c080 is an unknown value
R8 =0x0000000000000002 is an unknown value
R9 =0x0000000000000048 is an unknown value
R10=0x000000002fecffa4 is an unknown value
R11=0x000000002fecffbc is an unknown value
R12=0x0000000000000000 is an unknown value
R13=0x000000002fecffc0 is an unknown value
R14=0x0000000000000000 is an unknown value
R15=0x0000000000000002 is an unknown value


Stack: [0x0000000004660000,0x0000000004760000],  sp=0x000000000475ee80,  free space=1019k
Native frames: (J=compiled Java code, j=interpreted, Vv=VM code, C=native code)
C  [nvoglv64.dll+0x6660d0]
C  0x0000000004875e34

Java frames: (J=compiled Java code, j=interpreted, Vv=VM code)
j  org.lwjgl.opengl.GL11C.nglDrawElements(IIIJ)V+0
j  org.lwjgl.opengl.GL11C.glDrawElements(IIIJ)V+4
j  org.lwjgl.opengl.GL11.glDrawElements(IIIJ)V+4
j  main.main.loop()V+83
j  main.main.main([Ljava/lang/String;)V+17
v  ~StubRoutines::call_stub

---------------  P R O C E S S  ---------------

Java Threads: ( => current thread )
  0x0000000029837000 JavaThread "Service Thread" daemon [_thread_blocked, id=68080, stack(0x000000002a340000,0x000000002a440000)]
  0x0000000029784000 JavaThread "C1 CompilerThread3" daemon [_thread_blocked, id=70392, stack(0x000000002a240000,0x000000002a340000)]
  0x0000000029783000 JavaThread "C2 CompilerThread2" daemon [_thread_blocked, id=64592, stack(0x000000002a140000,0x000000002a240000)]
  0x000000002977e000 JavaThread "C2 CompilerThread1" daemon [_thread_blocked, id=46640, stack(0x000000002a040000,0x000000002a140000)]
  0x0000000029779800 JavaThread "C2 CompilerThread0" daemon [_thread_blocked, id=67608, stack(0x0000000029f40000,0x000000002a040000)]
  0x0000000029778000 JavaThread "Attach Listener" daemon [_thread_blocked, id=54624, stack(0x0000000029e40000,0x0000000029f40000)]
  0x0000000029777000 JavaThread "Signal Dispatcher" daemon [_thread_blocked, id=60828, stack(0x0000000029d40000,0x0000000029e40000)]
  0x0000000029770800 JavaThread "Finalizer" daemon [_thread_blocked, id=57516, stack(0x0000000029b50000,0x0000000029c50000)]
  0x0000000004855000 JavaThread "Reference Handler" daemon [_thread_blocked, id=64924, stack(0x0000000029650000,0x0000000029750000)]
=>0x000000000458d800 JavaThread "main" [_thread_in_native, id=65816, stack(0x0000000004660000,0x0000000004760000)]

Other Threads:
  0x0000000027879000 VMThread [stack: 0x0000000029550000,0x0000000029650000] [id=57720]
  0x00000000297b0800 WatcherThread [stack: 0x000000002a440000,0x000000002a540000] [id=33404]

VM state:not at safepoint (normal execution)

VM Mutex/Monitor currently owned by a thread: None

Heap:
 PSYoungGen      total 153088K, used 18463K [0x0000000715800000, 0x0000000720280000, 0x00000007c0000000)
  eden space 131584K, 14% used [0x0000000715800000,0x0000000716a07de8,0x000000071d880000)
  from space 21504K, 0% used [0x000000071ed80000,0x000000071ed80000,0x0000000720280000)
  to   space 21504K, 0% used [0x000000071d880000,0x000000071d880000,0x000000071ed80000)
 ParOldGen       total 349696K, used 0K [0x00000005c0800000, 0x00000005d5d80000, 0x0000000715800000)
  object space 349696K, 0% used [0x00000005c0800000,0x00000005c0800000,0x00000005d5d80000)
 Metaspace       used 8999K, capacity 9259K, committed 9600K, reserved 1058816K
  class space    used 748K, capacity 842K, committed 896K, reserved 1048576K

Card table byte_map: [0x0000000013c20000,0x0000000014c20000] byte_map_base: 0x0000000010e1c000

Marking Bits: (ParMarkBitMap*) 0x0000000054930600
 Begin Bits: [0x0000000015ed0000, 0x000000001deb0000)
 End Bits:   [0x000000001deb0000, 0x0000000025e90000)

Polling page: 0x00000000028a0000

CodeCache: size=245760Kb used=2660Kb max_used=2675Kb free=243099Kb
 bounds [0x0000000004860000, 0x0000000004b00000, 0x0000000013860000]
 total_blobs=1492 nmethods=595 adapters=810
 compilation: enabled

Compilation events (10 events):
Event: 1.037 Thread 0x0000000029784000  591       3       java.lang.invoke.MemberName::initResolved (53 bytes)
Event: 1.037 Thread 0x0000000029784000 nmethod 591 0x0000000004af4750 code [0x0000000004af48a0, 0x0000000004af4a70]
Event: 1.037 Thread 0x0000000029784000  592   !   3       java.lang.invoke.MemberName$Factory::resolve (145 bytes)
Event: 1.038 Thread 0x0000000029784000 nmethod 592 0x0000000004af4ad0 code [0x0000000004af4cc0, 0x0000000004af5508]
Event: 1.038 Thread 0x0000000029784000  593       3       java.lang.StringBuilder::charAt (6 bytes)
Event: 1.038 Thread 0x0000000029784000 nmethod 593 0x0000000004af5950 code [0x0000000004af5ac0, 0x0000000004af5d88]
Event: 1.038 Thread 0x0000000029784000  594       3       java.lang.AbstractStringBuilder::charAt (28 bytes)
Event: 1.038 Thread 0x0000000029784000 nmethod 594 0x0000000004af5f50 code [0x0000000004af60c0, 0x0000000004af6328]
Event: 1.052 Thread 0x0000000029779800 nmethod 551 0x0000000004afa750 code [0x0000000004afaa40, 0x0000000004afc0d0]
Event: 1.089 Thread 0x0000000029784000  595       3       java.util.Vector::elementData (7 bytes)

GC Heap History (0 events):
No events

Deoptimization events (1 events):
Event: 0.189 Thread 0x000000000458d800 Uncommon trap: reason=unstable_if action=reinterpret pc=0x0000000004a06a58 method=java.lang.String.replace(CC)Ljava/lang/String; @ 26

Internal exceptions (10 events):
Event: 0.189 Thread 0x000000000458d800 Exception <a 'java/security/PrivilegedActionException'> (0x0000000715e591a0) thrown at [D:\re\workspace\8-2-build-windows-amd64-cygwin\jdk8u77\6540\hotspot\src\share\vm\prims\jvm.cpp, line 1386]
Event: 0.189 Thread 0x000000000458d800 Exception <a 'java/security/PrivilegedActionException'> (0x0000000715e593b0) thrown at [D:\re\workspace\8-2-build-windows-amd64-cygwin\jdk8u77\6540\hotspot\src\share\vm\prims\jvm.cpp, line 1386]
Event: 0.215 Thread 0x000000000458d800 Exception <a 'sun/nio/fs/WindowsException'> (0x0000000715ea61c0) thrown at [D:\re\workspace\8-2-build-windows-amd64-cygwin\jdk8u77\6540\hotspot\src\share\vm\prims\jni.cpp, line 709]
Event: 0.215 Thread 0x000000000458d800 Exception <a 'sun/nio/fs/WindowsException'> (0x0000000715ea6a50) thrown at [D:\re\workspace\8-2-build-windows-amd64-cygwin\jdk8u77\6540\hotspot\src\share\vm\prims\jni.cpp, line 709]
Event: 0.233 Thread 0x000000000458d800 Exception <a 'sun/nio/fs/WindowsException'> (0x0000000715ee6738) thrown at [D:\re\workspace\8-2-build-windows-amd64-cygwin\jdk8u77\6540\hotspot\src\share\vm\prims\jni.cpp, line 709]
Event: 0.233 Thread 0x000000000458d800 Exception <a 'sun/nio/fs/WindowsException'> (0x0000000715ee6e00) thrown at [D:\re\workspace\8-2-build-windows-amd64-cygwin\jdk8u77\6540\hotspot\src\share\vm\prims\jni.cpp, line 709]
Event: 0.824 Thread 0x000000000458d800 Exception <a 'sun/nio/fs/WindowsException'> (0x0000000715ff6310) thrown at [D:\re\workspace\8-2-build-windows-amd64-cygwin\jdk8u77\6540\hotspot\src\share\vm\prims\jni.cpp, line 709]
Event: 0.824 Thread 0x000000000458d800 Exception <a 'sun/nio/fs/WindowsException'> (0x0000000715ff6a40) thrown at [D:\re\workspace\8-2-build-windows-amd64-cygwin\jdk8u77\6540\hotspot\src\share\vm\prims\jni.cpp, line 709]
Event: 0.832 Thread 0x000000000458d800 Exception <a 'sun/nio/fs/WindowsException'> (0x0000000715ffef50) thrown at [D:\re\workspace\8-2-build-windows-amd64-cygwin\jdk8u77\6540\hotspot\src\share\vm\prims\jni.cpp, line 709]
Event: 0.832 Thread 0x000000000458d800 Exception <a 'sun/nio/fs/WindowsException'> (0x0000000715fff530) thrown at [D:\re\workspace\8-2-build-windows-amd64-cygwin\jdk8u77\6540\hotspot\src\share\vm\prims\jni.cpp, line 709]

Events (10 events):
Event: 1.058 loading class model/SimpleModel
Event: 1.058 loading class model/SimpleModel done
Event: 1.058 loading class org/lwjgl/opengl/GL30C
Event: 1.058 loading class org/lwjgl/opengl/GL30C done
Event: 1.059 loading class org/lwjgl/opengl/GL21C
Event: 1.059 loading class org/lwjgl/opengl/GL21C done
Event: 1.087 loading class util/Matrix4f
Event: 1.087 loading class util/Matrix4f done
Event: 1.088 loading class util/Vector3f
Event: 1.088 loading class util/Vector3f done


Dynamic libraries:
0x00007ff7d00d0000 - 0x00007ff7d0107000 	C:\Program Files\Java\jdk1.8.0_77\bin\java.exe
0x00007fff01870000 - 0x00007fff01a50000 	C:\WINDOWS\SYSTEM32\ntdll.dll
0x00007fff00ba0000 - 0x00007fff00c4e000 	C:\WINDOWS\System32\KERNEL32.DLL
0x00007ffefe8c0000 - 0x00007ffefeb26000 	C:\WINDOWS\System32\KERNELBASE.dll
0x00007ffefede0000 - 0x00007ffefee81000 	C:\WINDOWS\System32\ADVAPI32.dll
0x00007fff00b00000 - 0x00007fff00b9d000 	C:\WINDOWS\System32\msvcrt.dll
0x00007fff00870000 - 0x00007fff008cb000 	C:\WINDOWS\System32\sechost.dll
0x00007fff009e0000 - 0x00007fff00aff000 	C:\WINDOWS\System32\RPCRT4.dll
0x00007fff006b0000 - 0x00007fff0083f000 	C:\WINDOWS\System32\USER32.dll
0x00007ffefed20000 - 0x00007ffefed40000 	C:\WINDOWS\System32\win32u.dll
0x00007fff00840000 - 0x00007fff00868000 	C:\WINDOWS\System32\GDI32.dll
0x00007ffefeb30000 - 0x00007ffefecc3000 	C:\WINDOWS\System32\gdi32full.dll
0x00007ffefe820000 - 0x00007ffefe8bb000 	C:\WINDOWS\System32\msvcp_win.dll
0x00007ffefe3c0000 - 0x00007ffefe4b6000 	C:\WINDOWS\System32\ucrtbase.dll
0x00007ffee7520000 - 0x00007ffee7789000 	C:\WINDOWS\WinSxS\amd64_microsoft.windows.common-controls_6595b64144ccf1df_6.0.16299.371_none_15c7d1789365a290\COMCTL32.dll
0x00007ffefee90000 - 0x00007ffeff198000 	C:\WINDOWS\System32\combase.dll
0x00007ffefe7a0000 - 0x00007ffefe812000 	C:\WINDOWS\System32\bcryptPrimitives.dll
0x00007ffefed40000 - 0x00007ffefed6d000 	C:\WINDOWS\System32\IMM32.DLL
0x0000000054040000 - 0x0000000054112000 	C:\Program Files\Java\jdk1.8.0_77\jre\bin\msvcr100.dll
0x0000000054120000 - 0x00000000549b0000 	C:\Program Files\Java\jdk1.8.0_77\jre\bin\server\jvm.dll
0x00007fff00690000 - 0x00007fff00698000 	C:\WINDOWS\System32\PSAPI.DLL
0x00007ffefad30000 - 0x00007ffefad39000 	C:\WINDOWS\SYSTEM32\WSOCK32.dll
0x00007ffefa660000 - 0x00007ffefa66a000 	C:\WINDOWS\SYSTEM32\VERSION.dll
0x00007ffefac60000 - 0x00007ffefac83000 	C:\WINDOWS\SYSTEM32\WINMM.dll
0x00007ffefed70000 - 0x00007ffefeddc000 	C:\WINDOWS\System32\WS2_32.dll
0x00007ffefac30000 - 0x00007ffefac5a000 	C:\WINDOWS\SYSTEM32\winmmbase.dll
0x00007ffefecd0000 - 0x00007ffefed1a000 	C:\WINDOWS\System32\cfgmgr32.dll
0x0000000053ff0000 - 0x0000000053fff000 	C:\Program Files\Java\jdk1.8.0_77\jre\bin\verify.dll
0x0000000053fc0000 - 0x0000000053fe9000 	C:\Program Files\Java\jdk1.8.0_77\jre\bin\java.dll
0x0000000053fa0000 - 0x0000000053fb6000 	C:\Program Files\Java\jdk1.8.0_77\jre\bin\zip.dll
0x00007ffeff1a0000 - 0x00007fff005d6000 	C:\WINDOWS\System32\SHELL32.dll
0x00007fff008d0000 - 0x00007fff00976000 	C:\WINDOWS\System32\shcore.dll
0x00007ffefdc70000 - 0x00007ffefe3b7000 	C:\WINDOWS\System32\windows.storage.dll
0x00007fff017e0000 - 0x00007fff01831000 	C:\WINDOWS\System32\shlwapi.dll
0x00007ffefdbe0000 - 0x00007ffefdbf1000 	C:\WINDOWS\System32\kernel.appcore.dll
0x00007ffefdc20000 - 0x00007ffefdc6c000 	C:\WINDOWS\System32\powrprof.dll
0x00007ffefdbc0000 - 0x00007ffefdbdb000 	C:\WINDOWS\System32\profapi.dll
0x0000000053f80000 - 0x0000000053f9a000 	C:\Program Files\Java\jdk1.8.0_77\jre\bin\net.dll
0x00007ffefd450000 - 0x00007ffefd4b6000 	C:\WINDOWS\system32\mswsock.dll
0x0000000053f60000 - 0x0000000053f71000 	C:\Program Files\Java\jdk1.8.0_77\jre\bin\nio.dll
0x00007ffeea060000 - 0x00007ffeea0c4000 	C:\Users\Eric\AppData\Local\Temp\lwjglEric\3.2.3-build-13\lwjgl.dll
0x00007ffee9b30000 - 0x00007ffee9b92000 	C:\Users\Eric\AppData\Local\Temp\lwjglEric\3.2.3-build-13\glfw.dll
0x00007ffefc390000 - 0x00007ffefc425000 	C:\WINDOWS\system32\uxtheme.dll
0x00007ffee9660000 - 0x00007ffee96a3000 	C:\WINDOWS\SYSTEM32\dinput8.dll
0x00007ffef8990000 - 0x00007ffef89a0000 	C:\WINDOWS\SYSTEM32\xinput1_4.dll
0x00007ffefd9d0000 - 0x00007ffefd9f7000 	C:\WINDOWS\SYSTEM32\DEVOBJ.dll
0x00007ffefc460000 - 0x00007ffefc48a000 	C:\WINDOWS\SYSTEM32\dwmapi.dll
0x00007ffef9070000 - 0x00007ffef909e000 	C:\WINDOWS\SYSTEM32\inputhost.dll
0x00007ffefba60000 - 0x00007ffefbb3c000 	C:\WINDOWS\SYSTEM32\CoreMessaging.dll
0x00007ffef9f10000 - 0x00007ffefa1fe000 	C:\WINDOWS\SYSTEM32\CoreUIComponents.dll
0x00007ffefccf0000 - 0x00007ffefcd21000 	C:\WINDOWS\SYSTEM32\ntmarta.dll
0x00007ffef9c00000 - 0x00007ffef9d36000 	C:\WINDOWS\SYSTEM32\wintypes.dll
0x00007fff00f10000 - 0x00007fff01077000 	C:\WINDOWS\System32\MSCTF.dll
0x00007fff00dc0000 - 0x00007fff00e85000 	C:\WINDOWS\System32\OLEAUT32.dll
0x00007ffec0d40000 - 0x00007ffec1031000 	C:\Program Files (x86)\LastPass\lastapphook_x64.dll
0x00007fff014d0000 - 0x00007fff01619000 	C:\WINDOWS\System32\ole32.dll
0x00007ffef7920000 - 0x00007ffef7927000 	C:\WINDOWS\SYSTEM32\MSIMG32.dll
0x00007ffef8bd0000 - 0x00007ffef8c56000 	C:\WINDOWS\SYSTEM32\WINSPOOL.DRV
0x00007ffee68d0000 - 0x00007ffee6a6c000 	C:\WINDOWS\WinSxS\amd64_microsoft.windows.gdiplus_6595b64144ccf1df_1.1.16299.371_none_46b2c45dedf81c5e\gdiplus.dll
0x00007ffee7a30000 - 0x00007ffee7a9e000 	C:\WINDOWS\SYSTEM32\OLEACC.dll
0x00007ffefd720000 - 0x00007ffefd745000 	C:\WINDOWS\SYSTEM32\bcrypt.dll
0x00007ffefd1e0000 - 0x00007ffefd219000 	C:\WINDOWS\SYSTEM32\IPHLPAPI.DLL
0x00007ffefdac0000 - 0x00007ffefdaf0000 	C:\WINDOWS\SYSTEM32\SspiCli.dll
0x00007ffefc990000 - 0x00007ffefc99c000 	C:\WINDOWS\SYSTEM32\HID.DLL
0x00007fff01080000 - 0x00007fff014ce000 	C:\WINDOWS\System32\SETUPAPI.DLL
0x00007ffefe4c0000 - 0x00007ffefe518000 	C:\WINDOWS\System32\WINTRUST.dll
0x00007ffefdc00000 - 0x00007ffefdc12000 	C:\WINDOWS\System32\MSASN1.dll
0x00007ffefe5d0000 - 0x00007ffefe79e000 	C:\WINDOWS\System32\CRYPT32.dll
0x00007ffee8480000 - 0x00007ffee859e000 	C:\WINDOWS\SYSTEM32\opengl32.dll
0x00007ffef2c30000 - 0x00007ffef2c5c000 	C:\WINDOWS\SYSTEM32\GLU32.dll
0x0000000051590000 - 0x0000000053cd3000 	C:\WINDOWS\System32\DriverStore\FileRepository\nv_dispi.inf_amd64_ed316ebc2bdc1c66\nvoglv64.dll
0x00007ffefa8b0000 - 0x00007ffefa8c3000 	C:\WINDOWS\SYSTEM32\WTSAPI32.dll
0x00007ffed1240000 - 0x00007ffed1502000 	C:\WINDOWS\system32\nvspcap64.dll
0x00007ffefcd60000 - 0x00007ffefcdb5000 	C:\WINDOWS\SYSTEM32\WINSTA.dll
0x00007ffeeecc0000 - 0x00007ffeeed58000 	C:\WINDOWS\System32\TextInputFramework.dll
0x00007ffee95b0000 - 0x00007ffee9609000 	C:\Users\Eric\AppData\Local\Temp\lwjglEric\3.2.3-build-13\lwjgl_opengl.dll
0x00007ffef8e70000 - 0x00007ffef9038000 	C:\WINDOWS\SYSTEM32\dbghelp.dll

VM Arguments:
jvm_args: -Dfile.encoding=UTF-8 
java_command: main.main
java_class_path (initial): C:\Users\Eric\Source\Repos\lwjgl 3.2.3\lwjgl-cuda.jar;C:\Users\Eric\Source\Repos\lwjgl 3.2.3\lwjgl-egl.jar;C:\Users\Eric\Source\Repos\lwjgl 3.2.3\lwjgl-glfw-natives-windows.jar;C:\Users\Eric\Source\Repos\lwjgl 3.2.3\lwjgl-glfw.jar;C:\Users\Eric\Source\Repos\lwjgl 3.2.3\lwjgl-natives-windows.jar;C:\Users\Eric\Source\Repos\lwjgl 3.2.3\lwjgl-openal-natives-windows.jar;C:\Users\Eric\Source\Repos\lwjgl 3.2.3\lwjgl-openal.jar;C:\Users\Eric\Source\Repos\lwjgl 3.2.3\lwjgl-opencl.jar;C:\Users\Eric\Source\Repos\lwjgl 3.2.3\lwjgl-opengl-natives-windows.jar;C:\Users\Eric\Source\Repos\lwjgl 3.2.3\lwjgl-opengl.jar;C:\Users\Eric\Source\Repos\lwjgl 3.2.3\lwjgl-opengles-natives-windows.jar;C:\Users\Eric\Source\Repos\lwjgl 3.2.3\lwjgl-opengles.jar;C:\Users\Eric\Source\Repos\lwjgl 3.2.3\lwjgl-openvr-natives-windows.jar;C:\Users\Eric\Source\Repos\lwjgl 3.2.3\lwjgl-openvr.jar;C:\Users\Eric\Source\Repos\lwjgl 3.2.3\lwjgl-tootle-natives-windows.jar;C:\Users\Eric\Source\Repos\lwjgl 3.2.3\lwjgl-tootle.jar;C:\Users\Eric\Source\Repos\lwjgl 3.2.3\lwjgl.jar;C:\Users\Eric\Documents\NetBeansProjects\ComputerGraphics-3Dgame\build\classes
Launcher Type: SUN_STANDARD

Environment Variables:
PATH=C:\Program Files (x86)\Common Files\Oracle\Java\javapath;C:\ProgramData\Oracle\Java\javapath;C:\Windows\system32;C:\Windows;C:\Windows\System32\Wbem;C:\Windows\System32\WindowsPowerShell\v1.0\;C:\Program Files (x86)\NVIDIA Corporation\PhysX\Common;C:\Program Files (x86)\Skype\Phone\;C:\Program Files\Microsoft SQL Server\110\Tools\Binn\;C:\Program Files\Git\cmd;C:\WINDOWS\system32;C:\WINDOWS;C:\WINDOWS\System32\Wbem;C:\WINDOWS\System32\WindowsPowerShell\v1.0\;C:\Program Files\dotnet\;C:\Program Files\Microsoft SQL Server\130\Tools\Binn\;D:\Programs\MATLAB\R2019a\bin;C:\Program Files\NVIDIA Corporation\NVIDIA NvDLISR;C:\Program Files (x86)\IVI Foundation\VISA\WinNT\Bin;D:\Programs\PuTTY\;C:\Users\Eric\AppData\Local\Microsoft\WindowsApps;
USERNAME=Eric
OS=Windows_NT
PROCESSOR_IDENTIFIER=Intel64 Family 6 Model 42 Stepping 7, GenuineIntel



---------------  S Y S T E M  ---------------

OS: Windows 10.0 , 64 bit Build 16299 (10.0.16299.15)

CPU:total 8 (4 cores per cpu, 2 threads per core) family 6 model 42 stepping 7, cmov, cx8, fxsr, mmx, sse, sse2, sse3, ssse3, sse4.1, sse4.2, popcnt, avx, aes, clmul, ht, tsc, tscinvbit

Memory: 4k page, physical 33520780k(22178368k free), swap 38501516k(20243320k free)

vm_info: Java HotSpot(TM) 64-Bit Server VM (25.77-b03) for windows-amd64 JRE (1.8.0_77-b03), built on Mar 20 2016 22:01:33 by "java_re" with MS VC++ 10.0 (VS2010)

time: Sun Feb 02 21:28:14 2020
elapsed time: 1 seconds (0d 0h 0m 1s)

