#
# A fatal error has been detected by the Java Runtime Environment:
#
#  EXCEPTION_ACCESS_VIOLATION (0xc0000005) at pc=0x0000000031bdff80, pid=37276, tid=65072
#
# JRE version: Java(TM) SE Runtime Environment (8.0_77-b03) (build 1.8.0_77-b03)
# Java VM: Java HotSpot(TM) 64-Bit Server VM (25.77-b03 mixed mode windows-amd64 compressed oops)
# Problematic frame:
# C  0x0000000031bdff80
#
# Failed to write core dump. Minidumps are not enabled by default on client versions of Windows
#
# If you would like to submit a bug report, please visit:
#   http://bugreport.java.com/bugreport/crash.jsp
# The crash happened outside the Java Virtual Machine in native code.
# See problematic frame for where to report the bug.
#

---------------  T H R E A D  ---------------

Current thread (0x00000000045dd800):  JavaThread "main" [_thread_in_native, id=65072, stack(0x00000000043e0000,0x00000000044e0000)]

siginfo: ExceptionCode=0xc0000005, reading address 0x0000000000000000

Registers:
RAX=0x000000002d4f25d0, RBX=0x000000002cf90000, RCX=0x0000000000000000, RDX=0x0000000000000003
RSP=0x00000000044deff0, RBP=0x000000002f86a040, RSI=0x0000000000000000, RDI=0x0000000000000000
R8 =0x0000000000000000, R9 =0x0000000000000003, R10=0x000000002f86a040, R11=0x0000000000000000
R12=0x0000000000000000, R13=0x0000000000000000, R14=0x0000000000000004, R15=0x000000002d4f25d0
RIP=0x0000000031bdff80, EFLAGS=0x0000000000010206

Top of Stack: (sp=0x00000000044deff0)
0x00000000044deff0:   000000002d48e368 0000000000000000
0x00000000044df000:   0000000000000003 000000002cf90000
0x00000000044df010:   000000002f86a040 0000000052649d19
0x00000000044df020:   000000002cf90000 000000002f86a040
0x00000000044df030:   0000000000000003 000000002cf90000
0x00000000044df040:   00000000044df070 000000002f999af4
0x00000000044df050:   0000000000000000 000000002f6648f8
0x00000000044df060:   0000000000000004 000000002f86a040
0x00000000044df070:   0000000000000003 0000000000000000
0x00000000044df080:   000000002cf90000 00000000526465ed
0x00000000044df090:   0000000000000000 0000000000000004
0x00000000044df0a0:   00000000274e6901 0000000000000000
0x00000000044df0b0:   0000000000000003 0080000000000000
0x00000000044df0c0:   0000000000000003 000000005264684b
0x00000000044df0d0:   000000002cf90000 000000002f6648f8
0x00000000044df0e0:   000000002f86a040 0000000000000004 

Instructions: (pc=0x0000000031bdff80)
0x0000000031bdff60:   c8 49 8b d1 48 be f0 d3 fe 2c 00 00 00 00 48 8b
0x0000000031bdff70:   36 48 8b b6 08 03 00 00 48 8d 3c 49 48 8d 34 be
0x0000000031bdff80:   8b 3e 8b 6e 04 89 38 89 68 04 8b 7e 08 89 78 08
0x0000000031bdff90:   48 83 c0 0c ff c1 ff ca 75 ca 48 8b 7c 24 08 48 


Register to memory mapping:

RAX=0x000000002d4f25d0 is an unknown value
RBX=0x000000002cf90000 is an unknown value
RCX=0x0000000000000000 is an unknown value
RDX=0x0000000000000003 is an unknown value
RSP=0x00000000044deff0 is pointing into the stack for thread: 0x00000000045dd800
RBP=0x000000002f86a040 is an unknown value
RSI=0x0000000000000000 is an unknown value
RDI=0x0000000000000000 is an unknown value
R8 =0x0000000000000000 is an unknown value
R9 =0x0000000000000003 is an unknown value
R10=0x000000002f86a040 is an unknown value
R11=0x0000000000000000 is an unknown value
R12=0x0000000000000000 is an unknown value
R13=0x0000000000000000 is an unknown value
R14=0x0000000000000004 is an unknown value
R15=0x000000002d4f25d0 is an unknown value


Stack: [0x00000000043e0000,0x00000000044e0000],  sp=0x00000000044deff0,  free space=1019k
Native frames: (J=compiled Java code, j=interpreted, Vv=VM code, C=native code)
C  0x0000000031bdff80

Java frames: (J=compiled Java code, j=interpreted, Vv=VM code)
j  org.lwjgl.opengl.GL11C.glDrawArrays(III)V+0
j  org.lwjgl.opengl.GL11.glDrawArrays(III)V+3
j  pkg3d.spel.main.loop()V+30
j  pkg3d.spel.main.main([Ljava/lang/String;)V+13
v  ~StubRoutines::call_stub

---------------  P R O C E S S  ---------------

Java Threads: ( => current thread )
  0x00000000296a1000 JavaThread "Service Thread" daemon [_thread_blocked, id=58988, stack(0x000000002a0c0000,0x000000002a1c0000)]
  0x00000000295f6000 JavaThread "C1 CompilerThread3" daemon [_thread_blocked, id=46780, stack(0x0000000029fc0000,0x000000002a0c0000)]
  0x00000000295f3000 JavaThread "C2 CompilerThread2" daemon [_thread_in_native, id=57516, stack(0x0000000029ec0000,0x0000000029fc0000)]
  0x00000000295f0800 JavaThread "C2 CompilerThread1" daemon [_thread_blocked, id=29828, stack(0x0000000029dc0000,0x0000000029ec0000)]
  0x00000000295ec800 JavaThread "C2 CompilerThread0" daemon [_thread_blocked, id=37692, stack(0x0000000029cc0000,0x0000000029dc0000)]
  0x00000000295e7000 JavaThread "Attach Listener" daemon [_thread_blocked, id=60968, stack(0x0000000029bc0000,0x0000000029cc0000)]
  0x00000000295e6000 JavaThread "Signal Dispatcher" daemon [_thread_blocked, id=59520, stack(0x0000000029ac0000,0x0000000029bc0000)]
  0x0000000027703800 JavaThread "Finalizer" daemon [_thread_blocked, id=69524, stack(0x00000000299c0000,0x0000000029ac0000)]
  0x00000000046d6000 JavaThread "Reference Handler" daemon [_thread_blocked, id=56132, stack(0x00000000294c0000,0x00000000295c0000)]
=>0x00000000045dd800 JavaThread "main" [_thread_in_native, id=65072, stack(0x00000000043e0000,0x00000000044e0000)]

Other Threads:
  0x00000000276f7800 VMThread [stack: 0x00000000293c0000,0x00000000294c0000] [id=24284]
  0x00000000296a3800 WatcherThread [stack: 0x000000002a1c0000,0x000000002a2c0000] [id=65776]

VM state:not at safepoint (normal execution)

VM Mutex/Monitor currently owned by a thread: None

Heap:
 PSYoungGen      total 153088K, used 18440K [0x0000000715800000, 0x0000000720280000, 0x00000007c0000000)
  eden space 131584K, 14% used [0x0000000715800000,0x0000000716a02020,0x000000071d880000)
  from space 21504K, 0% used [0x000000071ed80000,0x000000071ed80000,0x0000000720280000)
  to   space 21504K, 0% used [0x000000071d880000,0x000000071d880000,0x000000071ed80000)
 ParOldGen       total 349696K, used 0K [0x00000005c0800000, 0x00000005d5d80000, 0x0000000715800000)
  object space 349696K, 0% used [0x00000005c0800000,0x00000005c0800000,0x00000005d5d80000)
 Metaspace       used 8939K, capacity 9189K, committed 9344K, reserved 1058816K
  class space    used 742K, capacity 841K, committed 896K, reserved 1048576K

Card table byte_map: [0x0000000013aa0000,0x0000000014aa0000] byte_map_base: 0x0000000010c9c000

Marking Bits: (ParMarkBitMap*) 0x0000000054df0600
 Begin Bits: [0x0000000015d50000, 0x000000001dd30000)
 End Bits:   [0x000000001dd30000, 0x0000000025d10000)

Polling page: 0x00000000042f0000

CodeCache: size=245760Kb used=2625Kb max_used=2642Kb free=243134Kb
 bounds [0x00000000046e0000, 0x0000000004980000, 0x00000000136e0000]
 total_blobs=1476 nmethods=581 adapters=808
 compilation: enabled

Compilation events (10 events):
Event: 0.975 Thread 0x00000000295f6000  573       3       sun.reflect.UnsafeQualifiedFieldAccessorImpl::<init> (11 bytes)
Event: 0.975 Thread 0x00000000295f0800  579       4       java.util.ArrayList::get (11 bytes)
Event: 0.975 Thread 0x00000000295f6000 nmethod 573 0x00000000049630d0 code [0x0000000004963240, 0x00000000049633e8]
Event: 0.976 Thread 0x00000000295f0800 nmethod 579 0x0000000004962dd0 code [0x0000000004962f00, 0x0000000004962fb8]
Event: 0.977 Thread 0x00000000295f6000  580   !   3       java.net.URL::<init> (543 bytes)
Event: 0.980 Thread 0x00000000295f6000 nmethod 580 0x000000000496b090 code [0x000000000496b540, 0x000000000496e5d8]
Event: 0.980 Thread 0x00000000295f6000  581  s    3       java.util.jar.JarFile::getInputStream (89 bytes)
Event: 0.980 Thread 0x00000000295f6000 nmethod 581 0x0000000004969fd0 code [0x000000000496a1e0, 0x000000000496ad58]
Event: 0.980 Thread 0x00000000295f6000  582   !   3       java.util.zip.ZipFile::getInflater (56 bytes)
Event: 0.981 Thread 0x00000000295f6000 nmethod 582 0x0000000004965750 code [0x0000000004965940, 0x0000000004966538]

GC Heap History (0 events):
No events

Deoptimization events (1 events):
Event: 0.193 Thread 0x00000000045dd800 Uncommon trap: reason=unstable_if action=reinterpret pc=0x0000000004881998 method=java.lang.String.replace(CC)Ljava/lang/String; @ 26

Internal exceptions (10 events):
Event: 0.193 Thread 0x00000000045dd800 Exception <a 'java/security/PrivilegedActionException'> (0x0000000715e581d8) thrown at [D:\re\workspace\8-2-build-windows-amd64-cygwin\jdk8u77\6540\hotspot\src\share\vm\prims\jvm.cpp, line 1386]
Event: 0.193 Thread 0x00000000045dd800 Exception <a 'java/security/PrivilegedActionException'> (0x0000000715e583e8) thrown at [D:\re\workspace\8-2-build-windows-amd64-cygwin\jdk8u77\6540\hotspot\src\share\vm\prims\jvm.cpp, line 1386]
Event: 0.222 Thread 0x00000000045dd800 Exception <a 'sun/nio/fs/WindowsException'> (0x0000000715ea51f8) thrown at [D:\re\workspace\8-2-build-windows-amd64-cygwin\jdk8u77\6540\hotspot\src\share\vm\prims\jni.cpp, line 709]
Event: 0.222 Thread 0x00000000045dd800 Exception <a 'sun/nio/fs/WindowsException'> (0x0000000715ea5a88) thrown at [D:\re\workspace\8-2-build-windows-amd64-cygwin\jdk8u77\6540\hotspot\src\share\vm\prims\jni.cpp, line 709]
Event: 0.245 Thread 0x00000000045dd800 Exception <a 'sun/nio/fs/WindowsException'> (0x0000000715ee5610) thrown at [D:\re\workspace\8-2-build-windows-amd64-cygwin\jdk8u77\6540\hotspot\src\share\vm\prims\jni.cpp, line 709]
Event: 0.245 Thread 0x00000000045dd800 Exception <a 'sun/nio/fs/WindowsException'> (0x0000000715ee5cd8) thrown at [D:\re\workspace\8-2-build-windows-amd64-cygwin\jdk8u77\6540\hotspot\src\share\vm\prims\jni.cpp, line 709]
Event: 0.778 Thread 0x00000000045dd800 Exception <a 'sun/nio/fs/WindowsException'> (0x0000000715fddde0) thrown at [D:\re\workspace\8-2-build-windows-amd64-cygwin\jdk8u77\6540\hotspot\src\share\vm\prims\jni.cpp, line 709]
Event: 0.778 Thread 0x00000000045dd800 Exception <a 'sun/nio/fs/WindowsException'> (0x0000000715fde510) thrown at [D:\re\workspace\8-2-build-windows-amd64-cygwin\jdk8u77\6540\hotspot\src\share\vm\prims\jni.cpp, line 709]
Event: 0.779 Thread 0x00000000045dd800 Exception <a 'sun/nio/fs/WindowsException'> (0x0000000715fe6760) thrown at [D:\re\workspace\8-2-build-windows-amd64-cygwin\jdk8u77\6540\hotspot\src\share\vm\prims\jni.cpp, line 709]
Event: 0.779 Thread 0x00000000045dd800 Exception <a 'sun/nio/fs/WindowsException'> (0x0000000715fe6d40) thrown at [D:\re\workspace\8-2-build-windows-amd64-cygwin\jdk8u77\6540\hotspot\src\share\vm\prims\jni.cpp, line 709]

Events (10 events):
Event: 0.976 loading class org/lwjgl/opengl/GL20C
Event: 0.976 loading class org/lwjgl/opengl/GL20C done
Event: 0.977 loading class org/lwjgl/opengl/GL15C
Event: 0.977 loading class org/lwjgl/opengl/GL15C done
Event: 0.977 loading class org/lwjgl/opengl/GL14C
Event: 0.977 loading class org/lwjgl/opengl/GL14C done
Event: 0.978 loading class org/lwjgl/opengl/GL13C
Event: 0.978 loading class org/lwjgl/opengl/GL13C done
Event: 0.978 loading class org/lwjgl/opengl/GL12C
Event: 0.978 loading class org/lwjgl/opengl/GL12C done


Dynamic libraries:
0x00007ff7d00d0000 - 0x00007ff7d0107000 	C:\Program Files\Java\jdk1.8.0_77\bin\java.exe
0x00007fff01870000 - 0x00007fff01a50000 	C:\WINDOWS\SYSTEM32\ntdll.dll
0x00007fff00ba0000 - 0x00007fff00c4e000 	C:\WINDOWS\System32\KERNEL32.DLL
0x00007ffefe8c0000 - 0x00007ffefeb26000 	C:\WINDOWS\System32\KERNELBASE.dll
0x00007ffefede0000 - 0x00007ffefee81000 	C:\WINDOWS\System32\ADVAPI32.dll
0x00007fff00b00000 - 0x00007fff00b9d000 	C:\WINDOWS\System32\msvcrt.dll
0x00007fff00870000 - 0x00007fff008cb000 	C:\WINDOWS\System32\sechost.dll
0x00007fff009e0000 - 0x00007fff00aff000 	C:\WINDOWS\System32\RPCRT4.dll
0x00007fff006b0000 - 0x00007fff0083f000 	C:\WINDOWS\System32\USER32.dll
0x00007ffefed20000 - 0x00007ffefed40000 	C:\WINDOWS\System32\win32u.dll
0x00007fff00840000 - 0x00007fff00868000 	C:\WINDOWS\System32\GDI32.dll
0x00007ffefeb30000 - 0x00007ffefecc3000 	C:\WINDOWS\System32\gdi32full.dll
0x00007ffefe820000 - 0x00007ffefe8bb000 	C:\WINDOWS\System32\msvcp_win.dll
0x00007ffefe3c0000 - 0x00007ffefe4b6000 	C:\WINDOWS\System32\ucrtbase.dll
0x00007ffee7520000 - 0x00007ffee7789000 	C:\WINDOWS\WinSxS\amd64_microsoft.windows.common-controls_6595b64144ccf1df_6.0.16299.371_none_15c7d1789365a290\COMCTL32.dll
0x00007ffefee90000 - 0x00007ffeff198000 	C:\WINDOWS\System32\combase.dll
0x00007ffefe7a0000 - 0x00007ffefe812000 	C:\WINDOWS\System32\bcryptPrimitives.dll
0x00007ffefed40000 - 0x00007ffefed6d000 	C:\WINDOWS\System32\IMM32.DLL
0x0000000054500000 - 0x00000000545d2000 	C:\Program Files\Java\jdk1.8.0_77\jre\bin\msvcr100.dll
0x00000000545e0000 - 0x0000000054e70000 	C:\Program Files\Java\jdk1.8.0_77\jre\bin\server\jvm.dll
0x00007fff00690000 - 0x00007fff00698000 	C:\WINDOWS\System32\PSAPI.DLL
0x00007ffefad30000 - 0x00007ffefad39000 	C:\WINDOWS\SYSTEM32\WSOCK32.dll
0x00007ffefac60000 - 0x00007ffefac83000 	C:\WINDOWS\SYSTEM32\WINMM.dll
0x00007ffefa660000 - 0x00007ffefa66a000 	C:\WINDOWS\SYSTEM32\VERSION.dll
0x00007ffefed70000 - 0x00007ffefeddc000 	C:\WINDOWS\System32\WS2_32.dll
0x00007ffefac30000 - 0x00007ffefac5a000 	C:\WINDOWS\SYSTEM32\winmmbase.dll
0x00007ffefecd0000 - 0x00007ffefed1a000 	C:\WINDOWS\System32\cfgmgr32.dll
0x00000000544b0000 - 0x00000000544bf000 	C:\Program Files\Java\jdk1.8.0_77\jre\bin\verify.dll
0x0000000054480000 - 0x00000000544a9000 	C:\Program Files\Java\jdk1.8.0_77\jre\bin\java.dll
0x0000000054460000 - 0x0000000054476000 	C:\Program Files\Java\jdk1.8.0_77\jre\bin\zip.dll
0x00007ffeff1a0000 - 0x00007fff005d6000 	C:\WINDOWS\System32\SHELL32.dll
0x00007fff008d0000 - 0x00007fff00976000 	C:\WINDOWS\System32\shcore.dll
0x00007ffefdc70000 - 0x00007ffefe3b7000 	C:\WINDOWS\System32\windows.storage.dll
0x00007fff017e0000 - 0x00007fff01831000 	C:\WINDOWS\System32\shlwapi.dll
0x00007ffefdbe0000 - 0x00007ffefdbf1000 	C:\WINDOWS\System32\kernel.appcore.dll
0x00007ffefdc20000 - 0x00007ffefdc6c000 	C:\WINDOWS\System32\powrprof.dll
0x00007ffefdbc0000 - 0x00007ffefdbdb000 	C:\WINDOWS\System32\profapi.dll
0x0000000054440000 - 0x000000005445a000 	C:\Program Files\Java\jdk1.8.0_77\jre\bin\net.dll
0x00007ffefd450000 - 0x00007ffefd4b6000 	C:\WINDOWS\system32\mswsock.dll
0x0000000054420000 - 0x0000000054431000 	C:\Program Files\Java\jdk1.8.0_77\jre\bin\nio.dll
0x00007ffee95a0000 - 0x00007ffee9604000 	C:\Users\Eric\AppData\Local\Temp\lwjglEric\3.2.3-build-13\lwjgl.dll
0x00007ffee9490000 - 0x00007ffee94f2000 	C:\Users\Eric\AppData\Local\Temp\lwjglEric\3.2.3-build-13\glfw.dll
0x00007ffefc390000 - 0x00007ffefc425000 	C:\WINDOWS\system32\uxtheme.dll
0x00007ffee9b10000 - 0x00007ffee9b53000 	C:\WINDOWS\SYSTEM32\dinput8.dll
0x00007ffef8990000 - 0x00007ffef89a0000 	C:\WINDOWS\SYSTEM32\xinput1_4.dll
0x00007ffefd9d0000 - 0x00007ffefd9f7000 	C:\WINDOWS\SYSTEM32\DEVOBJ.dll
0x00007ffefc460000 - 0x00007ffefc48a000 	C:\WINDOWS\SYSTEM32\dwmapi.dll
0x00007ffef9070000 - 0x00007ffef909e000 	C:\WINDOWS\SYSTEM32\inputhost.dll
0x00007ffefba60000 - 0x00007ffefbb3c000 	C:\WINDOWS\SYSTEM32\CoreMessaging.dll
0x00007ffef9f10000 - 0x00007ffefa1fe000 	C:\WINDOWS\SYSTEM32\CoreUIComponents.dll
0x00007ffefccf0000 - 0x00007ffefcd21000 	C:\WINDOWS\SYSTEM32\ntmarta.dll
0x00007ffef9c00000 - 0x00007ffef9d36000 	C:\WINDOWS\SYSTEM32\wintypes.dll
0x00007fff00f10000 - 0x00007fff01077000 	C:\WINDOWS\System32\MSCTF.dll
0x00007fff00dc0000 - 0x00007fff00e85000 	C:\WINDOWS\System32\OLEAUT32.dll
0x00007ffec0d40000 - 0x00007ffec1031000 	C:\Program Files (x86)\LastPass\lastapphook_x64.dll
0x00007fff014d0000 - 0x00007fff01619000 	C:\WINDOWS\System32\ole32.dll
0x00007ffef7920000 - 0x00007ffef7927000 	C:\WINDOWS\SYSTEM32\MSIMG32.dll
0x00007ffef8bd0000 - 0x00007ffef8c56000 	C:\WINDOWS\SYSTEM32\WINSPOOL.DRV
0x00007ffee68d0000 - 0x00007ffee6a6c000 	C:\WINDOWS\WinSxS\amd64_microsoft.windows.gdiplus_6595b64144ccf1df_1.1.16299.371_none_46b2c45dedf81c5e\gdiplus.dll
0x00007ffee7a30000 - 0x00007ffee7a9e000 	C:\WINDOWS\SYSTEM32\OLEACC.dll
0x00007ffefd1e0000 - 0x00007ffefd219000 	C:\WINDOWS\SYSTEM32\IPHLPAPI.DLL
0x00007ffefd720000 - 0x00007ffefd745000 	C:\WINDOWS\SYSTEM32\bcrypt.dll
0x00007ffefdac0000 - 0x00007ffefdaf0000 	C:\WINDOWS\SYSTEM32\SspiCli.dll
0x00007ffefc990000 - 0x00007ffefc99c000 	C:\WINDOWS\SYSTEM32\HID.DLL
0x00007fff01080000 - 0x00007fff014ce000 	C:\WINDOWS\System32\SETUPAPI.DLL
0x00007ffefe4c0000 - 0x00007ffefe518000 	C:\WINDOWS\System32\WINTRUST.dll
0x00007ffefdc00000 - 0x00007ffefdc12000 	C:\WINDOWS\System32\MSASN1.dll
0x00007ffefe5d0000 - 0x00007ffefe79e000 	C:\WINDOWS\System32\CRYPT32.dll
0x00007ffee8480000 - 0x00007ffee859e000 	C:\WINDOWS\SYSTEM32\opengl32.dll
0x00007ffef2c30000 - 0x00007ffef2c5c000 	C:\WINDOWS\SYSTEM32\GLU32.dll
0x00000000519a0000 - 0x00000000540e3000 	C:\WINDOWS\System32\DriverStore\FileRepository\nv_dispi.inf_amd64_ed316ebc2bdc1c66\nvoglv64.dll
0x00007ffefa8b0000 - 0x00007ffefa8c3000 	C:\WINDOWS\SYSTEM32\WTSAPI32.dll
0x00007ffeca560000 - 0x00007ffeca822000 	C:\WINDOWS\system32\nvspcap64.dll
0x00007ffefcd60000 - 0x00007ffefcdb5000 	C:\WINDOWS\SYSTEM32\WINSTA.dll
0x00007ffeeecc0000 - 0x00007ffeeed58000 	C:\WINDOWS\System32\TextInputFramework.dll
0x00007ffee93c0000 - 0x00007ffee9419000 	C:\Users\Eric\AppData\Local\Temp\lwjglEric\3.2.3-build-13\lwjgl_opengl.dll
0x00007ffef8e70000 - 0x00007ffef9038000 	C:\WINDOWS\SYSTEM32\dbghelp.dll

VM Arguments:
jvm_args: -Dfile.encoding=UTF-8 
java_command: pkg3d.spel.main
java_class_path (initial): C:\Users\Eric\Source\Repos\lwjgl 3.2.3\lwjgl-cuda.jar;C:\Users\Eric\Source\Repos\lwjgl 3.2.3\lwjgl-egl.jar;C:\Users\Eric\Source\Repos\lwjgl 3.2.3\lwjgl-glfw-natives-windows.jar;C:\Users\Eric\Source\Repos\lwjgl 3.2.3\lwjgl-glfw.jar;C:\Users\Eric\Source\Repos\lwjgl 3.2.3\lwjgl-natives-windows.jar;C:\Users\Eric\Source\Repos\lwjgl 3.2.3\lwjgl-openal-natives-windows.jar;C:\Users\Eric\Source\Repos\lwjgl 3.2.3\lwjgl-openal.jar;C:\Users\Eric\Source\Repos\lwjgl 3.2.3\lwjgl-opencl.jar;C:\Users\Eric\Source\Repos\lwjgl 3.2.3\lwjgl-opengl-natives-windows.jar;C:\Users\Eric\Source\Repos\lwjgl 3.2.3\lwjgl-opengl.jar;C:\Users\Eric\Source\Repos\lwjgl 3.2.3\lwjgl-opengles-natives-windows.jar;C:\Users\Eric\Source\Repos\lwjgl 3.2.3\lwjgl-opengles.jar;C:\Users\Eric\Source\Repos\lwjgl 3.2.3\lwjgl-openvr-natives-windows.jar;C:\Users\Eric\Source\Repos\lwjgl 3.2.3\lwjgl-openvr.jar;C:\Users\Eric\Source\Repos\lwjgl 3.2.3\lwjgl-tootle-natives-windows.jar;C:\Users\Eric\Source\Repos\lwjgl 3.2.3\lwjgl-tootle.jar;C:\Users\Eric\Source\Repos\lwjgl 3.2.3\lwjgl.jar;C:\Users\Eric\Documents\NetBeansProjects\3D-spel\build\classes
Launcher Type: SUN_STANDARD

Environment Variables:
PATH=C:\Program Files (x86)\Common Files\Oracle\Java\javapath;C:\ProgramData\Oracle\Java\javapath;C:\Windows\system32;C:\Windows;C:\Windows\System32\Wbem;C:\Windows\System32\WindowsPowerShell\v1.0\;C:\Program Files (x86)\NVIDIA Corporation\PhysX\Common;C:\Program Files (x86)\Skype\Phone\;C:\Program Files\Microsoft SQL Server\110\Tools\Binn\;C:\Program Files\Git\cmd;C:\WINDOWS\system32;C:\WINDOWS;C:\WINDOWS\System32\Wbem;C:\WINDOWS\System32\WindowsPowerShell\v1.0\;C:\Program Files\dotnet\;C:\Program Files\Microsoft SQL Server\130\Tools\Binn\;D:\Programs\MATLAB\R2019a\bin;C:\Program Files\NVIDIA Corporation\NVIDIA NvDLISR;C:\Program Files (x86)\IVI Foundation\VISA\WinNT\Bin;D:\Programs\PuTTY\;C:\Users\Eric\AppData\Local\Microsoft\WindowsApps;
USERNAME=Eric
OS=Windows_NT
PROCESSOR_IDENTIFIER=Intel64 Family 6 Model 42 Stepping 7, GenuineIntel



---------------  S Y S T E M  ---------------

OS: Windows 10.0 , 64 bit Build 16299 (10.0.16299.15)

CPU:total 8 (4 cores per cpu, 2 threads per core) family 6 model 42 stepping 7, cmov, cx8, fxsr, mmx, sse, sse2, sse3, ssse3, sse4.1, sse4.2, popcnt, avx, aes, clmul, ht, tsc, tscinvbit

Memory: 4k page, physical 33520780k(21673532k free), swap 38501516k(19941828k free)

vm_info: Java HotSpot(TM) 64-Bit Server VM (25.77-b03) for windows-amd64 JRE (1.8.0_77-b03), built on Mar 20 2016 22:01:33 by "java_re" with MS VC++ 10.0 (VS2010)

time: Sun Feb 02 13:56:01 2020
elapsed time: 1 seconds (0d 0h 0m 1s)

