#
# A fatal error has been detected by the Java Runtime Environment:
#
#  EXCEPTION_ACCESS_VIOLATION (0xc0000005) at pc=0x000000005288db40, pid=62444, tid=62448
#
# JRE version: Java(TM) SE Runtime Environment (8.0_77-b03) (build 1.8.0_77-b03)
# Java VM: Java HotSpot(TM) 64-Bit Server VM (25.77-b03 mixed mode windows-amd64 compressed oops)
# Problematic frame:
# C  [nvoglv64.dll+0xeedb40]
#
# Failed to write core dump. Minidumps are not enabled by default on client versions of Windows
#
# If you would like to submit a bug report, please visit:
#   http://bugreport.java.com/bugreport/crash.jsp
# The crash happened outside the Java Virtual Machine in native code.
# See problematic frame for where to report the bug.
#

---------------  T H R E A D  ---------------

Current thread (0x000000000513d800):  JavaThread "main" [_thread_in_native, id=62448, stack(0x0000000005140000,0x0000000005240000)]

siginfo: ExceptionCode=0xc0000005, reading address 0x0000000000000000

Registers:
RAX=0x0000000000000030, RBX=0x000000002e2d15b8, RCX=0x0000000030a438b4, RDX=0xffffffffcf5bc74c
RSP=0x000000000523f0e8, RBP=0x0000000000000001, RSI=0x0000000000000003, RDI=0x0000000030a438b4
R8 =0x0000000000000030, R9 =0x0000000000000003, R10=0x0000000000000000, R11=0x0000000030a438b4
R12=0x0000000000000000, R13=0x00000000519a0000, R14=0x0000000000000000, R15=0x000000002e2d1338
RIP=0x000000005288db40, EFLAGS=0x0000000000010283

Top of Stack: (sp=0x000000000523f0e8)
0x000000000523f0e8:   0000000052377f0a 000000002815d6d0
0x000000000523f0f8:   000000000523f240 000000000513d310
0x000000000523f108:   00000000521eb59b 000000000513d800
0x000000000523f118:   0000000000000003 0000000000000000
0x000000000523f128:   000000000002010b 000000002e2d1338
0x000000000523f138:   0000000052378cf4 000000002e2cf080
0x000000000523f148:   0000000000000004 0000000000000000
0x000000000523f158:   0000000005355cc6 000000000513d800
0x000000000523f168:   000000000523f240 000000002815d6c8
0x000000000523f178:   0000000000000000 0000000005347ced
0x000000000523f188:   0000000005355e34 000000002815d6d0
0x000000000523f198:   000000000523f210 0000000000000108
0x000000000523f1a8:   000000002815d6d0 0000000000000003
0x000000000523f1b8:   000000000513d800 000000000523f2a8
0x000000000523f1c8:   0000000005355b62 000000000523f1d0
0x000000000523f1d8:   000000002815d6c8 000000000523f240 

Instructions: (pc=0x000000005288db40)
0x000000005288db20:   29 41 c0 0f 29 49 d0 0f 10 44 0a e0 0f 10 4c 0a
0x000000005288db30:   f0 75 ad 0f 29 41 e0 49 83 e0 7f 0f 28 c1 eb 0c
0x000000005288db40:   0f 10 04 0a 48 83 c1 10 49 83 e8 10 4d 8b c8 49
0x000000005288db50:   c1 e9 04 74 1c 66 66 66 0f 1f 84 00 00 00 00 00 


Register to memory mapping:

RAX=0x0000000000000030 is an unknown value
RBX=0x000000002e2d15b8 is an unknown value
RCX=0x0000000030a438b4 is an unknown value
RDX=0xffffffffcf5bc74c is an unknown value
RSP=0x000000000523f0e8 is pointing into the stack for thread: 0x000000000513d800
RBP=0x0000000000000001 is an unknown value
RSI=0x0000000000000003 is an unknown value
RDI=0x0000000030a438b4 is an unknown value
R8 =0x0000000000000030 is an unknown value
R9 =0x0000000000000003 is an unknown value
R10=0x0000000000000000 is an unknown value
R11=0x0000000030a438b4 is an unknown value
R12=0x0000000000000000 is an unknown value
R13=0x00000000519a0000 is an unknown value
R14=0x0000000000000000 is an unknown value
R15=0x000000002e2d1338 is an unknown value


Stack: [0x0000000005140000,0x0000000005240000],  sp=0x000000000523f0e8,  free space=1020k
Native frames: (J=compiled Java code, j=interpreted, Vv=VM code, C=native code)
C  [nvoglv64.dll+0xeedb40]
C  [nvoglv64.dll+0x9d7f0a]
C  [nvoglv64.dll+0x9d8cf4]
C  0x0000000005355e34

Java frames: (J=compiled Java code, j=interpreted, Vv=VM code)
j  org.lwjgl.opengl.GL11C.glDrawArrays(III)V+0
j  org.lwjgl.opengl.GL11.glDrawArrays(III)V+3
j  pkg3d.spel.main.loop()V+37
j  pkg3d.spel.main.main([Ljava/lang/String;)V+17
v  ~StubRoutines::call_stub

---------------  P R O C E S S  ---------------

Java Threads: ( => current thread )
  0x000000002a343800 JavaThread "Service Thread" daemon [_thread_blocked, id=64440, stack(0x000000002ae60000,0x000000002af60000)]
  0x000000002a2a6800 JavaThread "C1 CompilerThread3" daemon [_thread_blocked, id=50912, stack(0x000000002ad60000,0x000000002ae60000)]
  0x000000002a29f800 JavaThread "C2 CompilerThread2" daemon [_thread_blocked, id=66556, stack(0x000000002ac60000,0x000000002ad60000)]
  0x000000002a29d000 JavaThread "C2 CompilerThread1" daemon [_thread_blocked, id=9420, stack(0x000000002ab60000,0x000000002ac60000)]
  0x000000002a299000 JavaThread "C2 CompilerThread0" daemon [_thread_blocked, id=46268, stack(0x000000002aa60000,0x000000002ab60000)]
  0x000000002a298000 JavaThread "Attach Listener" daemon [_thread_blocked, id=22844, stack(0x000000002a960000,0x000000002aa60000)]
  0x000000002a297000 JavaThread "Signal Dispatcher" daemon [_thread_blocked, id=64856, stack(0x000000002a860000,0x000000002a960000)]
  0x0000000005339000 JavaThread "Finalizer" daemon [_thread_blocked, id=62552, stack(0x000000002a670000,0x000000002a770000)]
  0x0000000005336000 JavaThread "Reference Handler" daemon [_thread_blocked, id=58776, stack(0x000000002a170000,0x000000002a270000)]
=>0x000000000513d800 JavaThread "main" [_thread_in_native, id=62448, stack(0x0000000005140000,0x0000000005240000)]

Other Threads:
  0x0000000028358800 VMThread [stack: 0x000000002a070000,0x000000002a170000] [id=63112]
  0x000000002a357000 WatcherThread [stack: 0x000000002af60000,0x000000002b060000] [id=53944]

VM state:not at safepoint (normal execution)

VM Mutex/Monitor currently owned by a thread: None

Heap:
 PSYoungGen      total 153088K, used 18462K [0x0000000715800000, 0x0000000720280000, 0x00000007c0000000)
  eden space 131584K, 14% used [0x0000000715800000,0x0000000716a079e0,0x000000071d880000)
  from space 21504K, 0% used [0x000000071ed80000,0x000000071ed80000,0x0000000720280000)
  to   space 21504K, 0% used [0x000000071d880000,0x000000071d880000,0x000000071ed80000)
 ParOldGen       total 349696K, used 0K [0x00000005c0800000, 0x00000005d5d80000, 0x0000000715800000)
  object space 349696K, 0% used [0x00000005c0800000,0x00000005c0800000,0x00000005d5d80000)
 Metaspace       used 8965K, capacity 9253K, committed 9344K, reserved 1058816K
  class space    used 745K, capacity 841K, committed 896K, reserved 1048576K

Card table byte_map: [0x0000000014700000,0x0000000015700000] byte_map_base: 0x00000000118fc000

Marking Bits: (ParMarkBitMap*) 0x0000000054df0600
 Begin Bits: [0x00000000169b0000, 0x000000001e990000)
 End Bits:   [0x000000001e990000, 0x0000000026970000)

Polling page: 0x0000000005000000

CodeCache: size=245760Kb used=2658Kb max_used=2675Kb free=243101Kb
 bounds [0x0000000005340000, 0x00000000055e0000, 0x0000000014340000]
 total_blobs=1492 nmethods=596 adapters=809
 compilation: enabled

Compilation events (10 events):
Event: 1.053 Thread 0x000000002a2a6800  590       3       sun.reflect.UnsafeFieldAccessorImpl::ensureObj (23 bytes)
Event: 1.054 Thread 0x000000002a2a6800 nmethod 590 0x00000000055d37d0 code [0x00000000055d39a0, 0x00000000055d42f8]
Event: 1.054 Thread 0x000000002a2a6800  591       3       org.lwjgl.PointerBuffer::put (24 bytes)
Event: 1.054 Thread 0x000000002a2a6800 nmethod 591 0x00000000055d4610 code [0x00000000055d47a0, 0x00000000055d4c28]
Event: 1.054 Thread 0x000000002a2a6800  592       3       org.lwjgl.system.Checks::check (17 bytes)
Event: 1.054 Thread 0x000000002a2a6800 nmethod 592 0x00000000055d4ed0 code [0x00000000055d5060, 0x00000000055d53a8]
Event: 1.055 Thread 0x000000002a2a6800  595       3       java.util.ArrayDeque::poll (5 bytes)
Event: 1.055 Thread 0x000000002a2a6800 nmethod 595 0x00000000055d5550 code [0x00000000055d56c0, 0x00000000055d5868]
Event: 1.055 Thread 0x000000002a2a6800  596       3       java.util.ArrayDeque::pollFirst (42 bytes)
Event: 1.055 Thread 0x000000002a2a6800 nmethod 596 0x00000000055d5910 code [0x00000000055d5a80, 0x00000000055d5db0]

GC Heap History (0 events):
No events

Deoptimization events (1 events):
Event: 0.187 Thread 0x000000000513d800 Uncommon trap: reason=unstable_if action=reinterpret pc=0x00000000054e4658 method=java.lang.String.replace(CC)Ljava/lang/String; @ 26

Internal exceptions (10 events):
Event: 0.187 Thread 0x000000000513d800 Exception <a 'java/security/PrivilegedActionException'> (0x0000000715e58f78) thrown at [D:\re\workspace\8-2-build-windows-amd64-cygwin\jdk8u77\6540\hotspot\src\share\vm\prims\jvm.cpp, line 1386]
Event: 0.187 Thread 0x000000000513d800 Exception <a 'java/security/PrivilegedActionException'> (0x0000000715e59188) thrown at [D:\re\workspace\8-2-build-windows-amd64-cygwin\jdk8u77\6540\hotspot\src\share\vm\prims\jvm.cpp, line 1386]
Event: 0.223 Thread 0x000000000513d800 Exception <a 'sun/nio/fs/WindowsException'> (0x0000000715ea5f98) thrown at [D:\re\workspace\8-2-build-windows-amd64-cygwin\jdk8u77\6540\hotspot\src\share\vm\prims\jni.cpp, line 709]
Event: 0.223 Thread 0x000000000513d800 Exception <a 'sun/nio/fs/WindowsException'> (0x0000000715ea6828) thrown at [D:\re\workspace\8-2-build-windows-amd64-cygwin\jdk8u77\6540\hotspot\src\share\vm\prims\jni.cpp, line 709]
Event: 0.240 Thread 0x000000000513d800 Exception <a 'sun/nio/fs/WindowsException'> (0x0000000715ee63b0) thrown at [D:\re\workspace\8-2-build-windows-amd64-cygwin\jdk8u77\6540\hotspot\src\share\vm\prims\jni.cpp, line 709]
Event: 0.240 Thread 0x000000000513d800 Exception <a 'sun/nio/fs/WindowsException'> (0x0000000715ee6a78) thrown at [D:\re\workspace\8-2-build-windows-amd64-cygwin\jdk8u77\6540\hotspot\src\share\vm\prims\jni.cpp, line 709]
Event: 0.853 Thread 0x000000000513d800 Exception <a 'sun/nio/fs/WindowsException'> (0x0000000715ff5e70) thrown at [D:\re\workspace\8-2-build-windows-amd64-cygwin\jdk8u77\6540\hotspot\src\share\vm\prims\jni.cpp, line 709]
Event: 0.853 Thread 0x000000000513d800 Exception <a 'sun/nio/fs/WindowsException'> (0x0000000715ff65a0) thrown at [D:\re\workspace\8-2-build-windows-amd64-cygwin\jdk8u77\6540\hotspot\src\share\vm\prims\jni.cpp, line 709]
Event: 0.855 Thread 0x000000000513d800 Exception <a 'sun/nio/fs/WindowsException'> (0x0000000715ffe7f0) thrown at [D:\re\workspace\8-2-build-windows-amd64-cygwin\jdk8u77\6540\hotspot\src\share\vm\prims\jni.cpp, line 709]
Event: 0.855 Thread 0x000000000513d800 Exception <a 'sun/nio/fs/WindowsException'> (0x0000000715ffedd0) thrown at [D:\re\workspace\8-2-build-windows-amd64-cygwin\jdk8u77\6540\hotspot\src\share\vm\prims\jni.cpp, line 709]

Events (10 events):
Event: 1.056 loading class org/lwjgl/opengl/GL14C
Event: 1.056 loading class org/lwjgl/opengl/GL14C done
Event: 1.056 loading class org/lwjgl/opengl/GL13C
Event: 1.056 loading class org/lwjgl/opengl/GL13C done
Event: 1.057 loading class org/lwjgl/opengl/GL12C
Event: 1.057 loading class org/lwjgl/opengl/GL12C done
Event: 1.058 loading class org/lwjgl/opengl/GL30C
Event: 1.058 loading class org/lwjgl/opengl/GL30C done
Event: 1.059 loading class org/lwjgl/opengl/GL21C
Event: 1.059 loading class org/lwjgl/opengl/GL21C done


Dynamic libraries:
0x00007ff7d00d0000 - 0x00007ff7d0107000 	C:\Program Files\Java\jdk1.8.0_77\bin\java.exe
0x00007fff01870000 - 0x00007fff01a50000 	C:\WINDOWS\SYSTEM32\ntdll.dll
0x00007fff00ba0000 - 0x00007fff00c4e000 	C:\WINDOWS\System32\KERNEL32.DLL
0x00007ffefe8c0000 - 0x00007ffefeb26000 	C:\WINDOWS\System32\KERNELBASE.dll
0x00007ffefede0000 - 0x00007ffefee81000 	C:\WINDOWS\System32\ADVAPI32.dll
0x00007fff00b00000 - 0x00007fff00b9d000 	C:\WINDOWS\System32\msvcrt.dll
0x00007fff00870000 - 0x00007fff008cb000 	C:\WINDOWS\System32\sechost.dll
0x00007fff009e0000 - 0x00007fff00aff000 	C:\WINDOWS\System32\RPCRT4.dll
0x00007fff006b0000 - 0x00007fff0083f000 	C:\WINDOWS\System32\USER32.dll
0x00007ffefed20000 - 0x00007ffefed40000 	C:\WINDOWS\System32\win32u.dll
0x00007fff00840000 - 0x00007fff00868000 	C:\WINDOWS\System32\GDI32.dll
0x00007ffefeb30000 - 0x00007ffefecc3000 	C:\WINDOWS\System32\gdi32full.dll
0x00007ffefe820000 - 0x00007ffefe8bb000 	C:\WINDOWS\System32\msvcp_win.dll
0x00007ffefe3c0000 - 0x00007ffefe4b6000 	C:\WINDOWS\System32\ucrtbase.dll
0x00007ffee7520000 - 0x00007ffee7789000 	C:\WINDOWS\WinSxS\amd64_microsoft.windows.common-controls_6595b64144ccf1df_6.0.16299.371_none_15c7d1789365a290\COMCTL32.dll
0x00007ffefee90000 - 0x00007ffeff198000 	C:\WINDOWS\System32\combase.dll
0x00007ffefe7a0000 - 0x00007ffefe812000 	C:\WINDOWS\System32\bcryptPrimitives.dll
0x00007ffefed40000 - 0x00007ffefed6d000 	C:\WINDOWS\System32\IMM32.DLL
0x0000000054500000 - 0x00000000545d2000 	C:\Program Files\Java\jdk1.8.0_77\jre\bin\msvcr100.dll
0x00000000545e0000 - 0x0000000054e70000 	C:\Program Files\Java\jdk1.8.0_77\jre\bin\server\jvm.dll
0x00007fff00690000 - 0x00007fff00698000 	C:\WINDOWS\System32\PSAPI.DLL
0x00007ffefad30000 - 0x00007ffefad39000 	C:\WINDOWS\SYSTEM32\WSOCK32.dll
0x00007ffefa660000 - 0x00007ffefa66a000 	C:\WINDOWS\SYSTEM32\VERSION.dll
0x00007ffefac60000 - 0x00007ffefac83000 	C:\WINDOWS\SYSTEM32\WINMM.dll
0x00007ffefed70000 - 0x00007ffefeddc000 	C:\WINDOWS\System32\WS2_32.dll
0x00007ffefac30000 - 0x00007ffefac5a000 	C:\WINDOWS\SYSTEM32\winmmbase.dll
0x00007ffefecd0000 - 0x00007ffefed1a000 	C:\WINDOWS\System32\cfgmgr32.dll
0x00000000544b0000 - 0x00000000544bf000 	C:\Program Files\Java\jdk1.8.0_77\jre\bin\verify.dll
0x0000000054480000 - 0x00000000544a9000 	C:\Program Files\Java\jdk1.8.0_77\jre\bin\java.dll
0x0000000054460000 - 0x0000000054476000 	C:\Program Files\Java\jdk1.8.0_77\jre\bin\zip.dll
0x00007ffeff1a0000 - 0x00007fff005d6000 	C:\WINDOWS\System32\SHELL32.dll
0x00007fff008d0000 - 0x00007fff00976000 	C:\WINDOWS\System32\shcore.dll
0x00007ffefdc70000 - 0x00007ffefe3b7000 	C:\WINDOWS\System32\windows.storage.dll
0x00007fff017e0000 - 0x00007fff01831000 	C:\WINDOWS\System32\shlwapi.dll
0x00007ffefdbe0000 - 0x00007ffefdbf1000 	C:\WINDOWS\System32\kernel.appcore.dll
0x00007ffefdc20000 - 0x00007ffefdc6c000 	C:\WINDOWS\System32\powrprof.dll
0x00007ffefdbc0000 - 0x00007ffefdbdb000 	C:\WINDOWS\System32\profapi.dll
0x0000000054440000 - 0x000000005445a000 	C:\Program Files\Java\jdk1.8.0_77\jre\bin\net.dll
0x00007ffefd450000 - 0x00007ffefd4b6000 	C:\WINDOWS\system32\mswsock.dll
0x0000000054420000 - 0x0000000054431000 	C:\Program Files\Java\jdk1.8.0_77\jre\bin\nio.dll
0x00007ffee9b30000 - 0x00007ffee9b94000 	C:\Users\Eric\AppData\Local\Temp\lwjglEric\3.2.3-build-13\lwjgl.dll
0x00007ffee95a0000 - 0x00007ffee9602000 	C:\Users\Eric\AppData\Local\Temp\lwjglEric\3.2.3-build-13\glfw.dll
0x00007ffefc390000 - 0x00007ffefc425000 	C:\WINDOWS\system32\uxtheme.dll
0x00007ffeec560000 - 0x00007ffeec5a3000 	C:\WINDOWS\SYSTEM32\dinput8.dll
0x00007ffef8990000 - 0x00007ffef89a0000 	C:\WINDOWS\SYSTEM32\xinput1_4.dll
0x00007ffefd9d0000 - 0x00007ffefd9f7000 	C:\WINDOWS\SYSTEM32\DEVOBJ.dll
0x00007ffefc460000 - 0x00007ffefc48a000 	C:\WINDOWS\SYSTEM32\dwmapi.dll
0x00007ffef9070000 - 0x00007ffef909e000 	C:\WINDOWS\SYSTEM32\inputhost.dll
0x00007ffef9f10000 - 0x00007ffefa1fe000 	C:\WINDOWS\SYSTEM32\CoreUIComponents.dll
0x00007ffefba60000 - 0x00007ffefbb3c000 	C:\WINDOWS\SYSTEM32\CoreMessaging.dll
0x00007ffefccf0000 - 0x00007ffefcd21000 	C:\WINDOWS\SYSTEM32\ntmarta.dll
0x00007ffef9c00000 - 0x00007ffef9d36000 	C:\WINDOWS\SYSTEM32\wintypes.dll
0x00007fff00f10000 - 0x00007fff01077000 	C:\WINDOWS\System32\MSCTF.dll
0x00007fff00dc0000 - 0x00007fff00e85000 	C:\WINDOWS\System32\OLEAUT32.dll
0x00007ffec0d40000 - 0x00007ffec1031000 	C:\Program Files (x86)\LastPass\lastapphook_x64.dll
0x00007fff014d0000 - 0x00007fff01619000 	C:\WINDOWS\System32\ole32.dll
0x00007ffef7920000 - 0x00007ffef7927000 	C:\WINDOWS\SYSTEM32\MSIMG32.dll
0x00007ffef8bd0000 - 0x00007ffef8c56000 	C:\WINDOWS\SYSTEM32\WINSPOOL.DRV
0x00007ffee7a30000 - 0x00007ffee7a9e000 	C:\WINDOWS\SYSTEM32\OLEACC.dll
0x00007ffee68d0000 - 0x00007ffee6a6c000 	C:\WINDOWS\WinSxS\amd64_microsoft.windows.gdiplus_6595b64144ccf1df_1.1.16299.371_none_46b2c45dedf81c5e\gdiplus.dll
0x00007ffefd1e0000 - 0x00007ffefd219000 	C:\WINDOWS\SYSTEM32\IPHLPAPI.DLL
0x00007ffefd720000 - 0x00007ffefd745000 	C:\WINDOWS\SYSTEM32\bcrypt.dll
0x00007ffefdac0000 - 0x00007ffefdaf0000 	C:\WINDOWS\SYSTEM32\SspiCli.dll
0x00007ffefc990000 - 0x00007ffefc99c000 	C:\WINDOWS\SYSTEM32\HID.DLL
0x00007fff01080000 - 0x00007fff014ce000 	C:\WINDOWS\System32\SETUPAPI.DLL
0x00007ffefe4c0000 - 0x00007ffefe518000 	C:\WINDOWS\System32\WINTRUST.dll
0x00007ffefdc00000 - 0x00007ffefdc12000 	C:\WINDOWS\System32\MSASN1.dll
0x00007ffefe5d0000 - 0x00007ffefe79e000 	C:\WINDOWS\System32\CRYPT32.dll
0x00007ffee8480000 - 0x00007ffee859e000 	C:\WINDOWS\SYSTEM32\opengl32.dll
0x00007ffeeac60000 - 0x00007ffeeac8c000 	C:\WINDOWS\SYSTEM32\GLU32.dll
0x00000000519a0000 - 0x00000000540e3000 	C:\WINDOWS\System32\DriverStore\FileRepository\nv_dispi.inf_amd64_ed316ebc2bdc1c66\nvoglv64.dll
0x00007ffefa8b0000 - 0x00007ffefa8c3000 	C:\WINDOWS\SYSTEM32\WTSAPI32.dll
0x00007ffeca560000 - 0x00007ffeca822000 	C:\WINDOWS\system32\nvspcap64.dll
0x00007ffefcd60000 - 0x00007ffefcdb5000 	C:\WINDOWS\SYSTEM32\WINSTA.dll
0x00007ffeeecc0000 - 0x00007ffeeed58000 	C:\WINDOWS\System32\TextInputFramework.dll
0x00007ffee94a0000 - 0x00007ffee94f9000 	C:\Users\Eric\AppData\Local\Temp\lwjglEric\3.2.3-build-13\lwjgl_opengl.dll
0x00007ffef8e70000 - 0x00007ffef9038000 	C:\WINDOWS\SYSTEM32\dbghelp.dll

VM Arguments:
jvm_args: -Dfile.encoding=UTF-8 
java_command: pkg3d.spel.main
java_class_path (initial): C:\Users\Eric\Source\Repos\lwjgl 3.2.3\lwjgl-cuda.jar;C:\Users\Eric\Source\Repos\lwjgl 3.2.3\lwjgl-egl.jar;C:\Users\Eric\Source\Repos\lwjgl 3.2.3\lwjgl-glfw-natives-windows.jar;C:\Users\Eric\Source\Repos\lwjgl 3.2.3\lwjgl-glfw.jar;C:\Users\Eric\Source\Repos\lwjgl 3.2.3\lwjgl-natives-windows.jar;C:\Users\Eric\Source\Repos\lwjgl 3.2.3\lwjgl-openal-natives-windows.jar;C:\Users\Eric\Source\Repos\lwjgl 3.2.3\lwjgl-openal.jar;C:\Users\Eric\Source\Repos\lwjgl 3.2.3\lwjgl-opencl.jar;C:\Users\Eric\Source\Repos\lwjgl 3.2.3\lwjgl-opengl-natives-windows.jar;C:\Users\Eric\Source\Repos\lwjgl 3.2.3\lwjgl-opengl.jar;C:\Users\Eric\Source\Repos\lwjgl 3.2.3\lwjgl-opengles-natives-windows.jar;C:\Users\Eric\Source\Repos\lwjgl 3.2.3\lwjgl-opengles.jar;C:\Users\Eric\Source\Repos\lwjgl 3.2.3\lwjgl-openvr-natives-windows.jar;C:\Users\Eric\Source\Repos\lwjgl 3.2.3\lwjgl-openvr.jar;C:\Users\Eric\Source\Repos\lwjgl 3.2.3\lwjgl-tootle-natives-windows.jar;C:\Users\Eric\Source\Repos\lwjgl 3.2.3\lwjgl-tootle.jar;C:\Users\Eric\Source\Repos\lwjgl 3.2.3\lwjgl.jar;C:\Users\Eric\Documents\NetBeansProjects\3D-spel\build\classes
Launcher Type: SUN_STANDARD

Environment Variables:
PATH=C:\Program Files (x86)\Common Files\Oracle\Java\javapath;C:\ProgramData\Oracle\Java\javapath;C:\Windows\system32;C:\Windows;C:\Windows\System32\Wbem;C:\Windows\System32\WindowsPowerShell\v1.0\;C:\Program Files (x86)\NVIDIA Corporation\PhysX\Common;C:\Program Files (x86)\Skype\Phone\;C:\Program Files\Microsoft SQL Server\110\Tools\Binn\;C:\Program Files\Git\cmd;C:\WINDOWS\system32;C:\WINDOWS;C:\WINDOWS\System32\Wbem;C:\WINDOWS\System32\WindowsPowerShell\v1.0\;C:\Program Files\dotnet\;C:\Program Files\Microsoft SQL Server\130\Tools\Binn\;D:\Programs\MATLAB\R2019a\bin;C:\Program Files\NVIDIA Corporation\NVIDIA NvDLISR;C:\Program Files (x86)\IVI Foundation\VISA\WinNT\Bin;D:\Programs\PuTTY\;C:\Users\Eric\AppData\Local\Microsoft\WindowsApps;
USERNAME=Eric
OS=Windows_NT
PROCESSOR_IDENTIFIER=Intel64 Family 6 Model 42 Stepping 7, GenuineIntel



---------------  S Y S T E M  ---------------

OS: Windows 10.0 , 64 bit Build 16299 (10.0.16299.15)

CPU:total 8 (4 cores per cpu, 2 threads per core) family 6 model 42 stepping 7, cmov, cx8, fxsr, mmx, sse, sse2, sse3, ssse3, sse4.1, sse4.2, popcnt, avx, aes, clmul, ht, tsc, tscinvbit

Memory: 4k page, physical 33520780k(21158780k free), swap 38501516k(19314704k free)

vm_info: Java HotSpot(TM) 64-Bit Server VM (25.77-b03) for windows-amd64 JRE (1.8.0_77-b03), built on Mar 20 2016 22:01:33 by "java_re" with MS VC++ 10.0 (VS2010)

time: Sun Feb 02 14:56:20 2020
elapsed time: 1 seconds (0d 0h 0m 1s)

