#
# A fatal error has been detected by the Java Runtime Environment:
#
#  EXCEPTION_ACCESS_VIOLATION (0xc0000005) at pc=0x0000000052242ab0, pid=66904, tid=34992
#
# JRE version: Java(TM) SE Runtime Environment (8.0_77-b03) (build 1.8.0_77-b03)
# Java VM: Java HotSpot(TM) 64-Bit Server VM (25.77-b03 mixed mode windows-amd64 compressed oops)
# Problematic frame:
# C  [nvoglv64.dll+0xcb2ab0]
#
# Failed to write core dump. Minidumps are not enabled by default on client versions of Windows
#
# If you would like to submit a bug report, please visit:
#   http://bugreport.java.com/bugreport/crash.jsp
# The crash happened outside the Java Virtual Machine in native code.
# See problematic frame for where to report the bug.
#

---------------  T H R E A D  ---------------

Current thread (0x00000000000dd800):  JavaThread "main" [_thread_in_native, id=34992, stack(0x0000000004260000,0x0000000004360000)]

siginfo: ExceptionCode=0xc0000005, reading address 0x0000000000000000

Registers:
RAX=0x000000006009057c, RBX=0x000000002d3fec48, RCX=0x000000002d3fec74, RDX=0x000000000000000c
RSP=0x000000000435f390, RBP=0x0000000000000000, RSI=0x0000000000000009, RDI=0x0000000000000000
R8 =0x000000002f7d1040, R9 =0x0000000000000012, R10=0x000000002f7d1040, R11=0x0000000000000000
R12=0x0000000000000682, R13=0x0000000000000000, R14=0x0000000000000000, R15=0x000000002cf00000
RIP=0x0000000052242ab0, EFLAGS=0x0000000000010246

Top of Stack: (sp=0x000000000435f390)
0x000000000435f390:   000000002f7d1040 00000000ffffffff
0x000000000435f3a0:   0000000000000004 0000000000000000
0x000000000435f3b0:   000000002f7d1040 0000000000000004
0x000000000435f3c0:   0000000000000000 00000000522399c3
0x000000000435f3d0:   000000002f5d53a8 0000000000000002
0x000000000435f3e0:   000000002cf00000 00000000ffffffff
0x000000000435f3f0:   0000000000000000 0000000000000000
0x000000000435f400:   0000000000000000 0001ff0200000000
0x000000000435f410:   0000000000000002 000000002d1551a0
0x000000000435f420:   000000002f5fd430 0000000000000000
0x000000000435f430:   000000002f5c3570 000000002f5c3bf0
0x000000000435f440:   0000000000000020 000000005221c251
0x000000000435f450:   0000000000000010 00000000522115ac
0x000000000435f460:   000000002cf50750 00000000521a5234
0x000000000435f470:   0000000000000001 000000002f7d1040
0x000000000435f480:   000000002d3feb40 0000000000000000 

Instructions: (pc=0x0000000052242ab0)
0x0000000052242a90:   25 f6 ff 49 8b 9f 30 07 05 00 48 8b 5b 68 8b c6
0x0000000052242aa0:   c1 e0 10 0d 7c 05 00 60 89 03 48 83 c3 04 2b ee
0x0000000052242ab0:   0f b7 07 66 41 03 c6 66 89 03 0f b7 47 04 48 83
0x0000000052242ac0:   c7 08 66 41 03 c6 66 89 43 02 48 83 c3 04 83 ee 


Register to memory mapping:

RAX=0x000000006009057c is an unknown value
RBX=0x000000002d3fec48 is an unknown value
RCX=0x000000002d3fec74 is an unknown value
RDX=0x000000000000000c is an unknown value
RSP=0x000000000435f390 is pointing into the stack for thread: 0x00000000000dd800
RBP=0x0000000000000000 is an unknown value
RSI=0x0000000000000009 is an unknown value
RDI=0x0000000000000000 is an unknown value
R8 =0x000000002f7d1040 is an unknown value
R9 =0x0000000000000012 is an unknown value
R10=0x000000002f7d1040 is an unknown value
R11=0x0000000000000000 is an unknown value
R12=0x0000000000000682 is an unknown value
R13=0x0000000000000000 is an unknown value
R14=0x0000000000000000 is an unknown value
R15=0x000000002cf00000 is an unknown value


Stack: [0x0000000004260000,0x0000000004360000],  sp=0x000000000435f390,  free space=1020k
Native frames: (J=compiled Java code, j=interpreted, Vv=VM code, C=native code)

Java frames: (J=compiled Java code, j=interpreted, Vv=VM code)
j  org.lwjgl.opengl.GL11C.nglDrawElements(IIIJ)V+0
j  org.lwjgl.opengl.GL11C.glDrawElements(IIIJ)V+4
j  org.lwjgl.opengl.GL11.glDrawElements(IIIJ)V+4
j  main.main.loop()V+83
j  main.main.main([Ljava/lang/String;)V+17
v  ~StubRoutines::call_stub

---------------  P R O C E S S  ---------------

Java Threads: ( => current thread )
  0x0000000029508800 JavaThread "Service Thread" daemon [_thread_blocked, id=70600, stack(0x000000002a030000,0x000000002a130000)]
  0x0000000029470800 JavaThread "C1 CompilerThread3" daemon [_thread_blocked, id=62164, stack(0x0000000029f30000,0x000000002a030000)]
  0x0000000029462800 JavaThread "C2 CompilerThread2" daemon [_thread_blocked, id=69004, stack(0x0000000029e30000,0x0000000029f30000)]
  0x000000002945c000 JavaThread "C2 CompilerThread1" daemon [_thread_blocked, id=67568, stack(0x0000000029d30000,0x0000000029e30000)]
  0x0000000029459000 JavaThread "C2 CompilerThread0" daemon [_thread_blocked, id=43244, stack(0x0000000029c30000,0x0000000029d30000)]
  0x0000000029457800 JavaThread "Attach Listener" daemon [_thread_blocked, id=61324, stack(0x0000000029b30000,0x0000000029c30000)]
  0x0000000029456000 JavaThread "Signal Dispatcher" daemon [_thread_blocked, id=69272, stack(0x0000000029a30000,0x0000000029b30000)]
  0x0000000004468800 JavaThread "Finalizer" daemon [_thread_blocked, id=61664, stack(0x0000000029830000,0x0000000029930000)]
  0x000000002753d800 JavaThread "Reference Handler" daemon [_thread_blocked, id=69216, stack(0x0000000029330000,0x0000000029430000)]
=>0x00000000000dd800 JavaThread "main" [_thread_in_native, id=34992, stack(0x0000000004260000,0x0000000004360000)]

Other Threads:
  0x0000000027538800 VMThread [stack: 0x0000000029230000,0x0000000029330000] [id=47596]
  0x000000002950b000 WatcherThread [stack: 0x000000002a130000,0x000000002a230000] [id=70052]

VM state:not at safepoint (normal execution)

VM Mutex/Monitor currently owned by a thread: None

Heap:
 PSYoungGen      total 153088K, used 18463K [0x0000000715800000, 0x0000000720280000, 0x00000007c0000000)
  eden space 131584K, 14% used [0x0000000715800000,0x0000000716a07de8,0x000000071d880000)
  from space 21504K, 0% used [0x000000071ed80000,0x000000071ed80000,0x0000000720280000)
  to   space 21504K, 0% used [0x000000071d880000,0x000000071d880000,0x000000071ed80000)
 ParOldGen       total 349696K, used 0K [0x00000005c0800000, 0x00000005d5d80000, 0x0000000715800000)
  object space 349696K, 0% used [0x00000005c0800000,0x00000005c0800000,0x00000005d5d80000)
 Metaspace       used 9006K, capacity 9259K, committed 9600K, reserved 1058816K
  class space    used 748K, capacity 842K, committed 896K, reserved 1048576K

Card table byte_map: [0x0000000013840000,0x0000000014840000] byte_map_base: 0x0000000010a3c000

Marking Bits: (ParMarkBitMap*) 0x0000000054930600
 Begin Bits: [0x0000000015af0000, 0x000000001dad0000)
 End Bits:   [0x000000001dad0000, 0x0000000025ab0000)

Polling page: 0x0000000004240000

CodeCache: size=245760Kb used=2693Kb max_used=2709Kb free=243066Kb
 bounds [0x0000000004480000, 0x0000000004730000, 0x0000000013480000]
 total_blobs=1500 nmethods=603 adapters=810
 compilation: enabled

Compilation events (10 events):
Event: 1.070 Thread 0x0000000029470800  599   !   3       java.lang.invoke.MemberName$Factory::resolve (145 bytes)
Event: 1.070 Thread 0x0000000029470800 nmethod 599 0x0000000004714e50 code [0x0000000004715040, 0x0000000004715888]
Event: 1.070 Thread 0x0000000029470800  602       3       java.lang.AbstractStringBuilder::charAt (28 bytes)
Event: 1.071 Thread 0x0000000029470800 nmethod 602 0x0000000004714950 code [0x0000000004714ac0, 0x0000000004714d28]
Event: 1.071 Thread 0x0000000029470800  601       3       java.lang.StringBuilder::charAt (6 bytes)
Event: 1.071 Thread 0x0000000029470800 nmethod 601 0x0000000004714350 code [0x00000000047144c0, 0x0000000004714788]
Event: 1.071 Thread 0x0000000029470800  600   !   3       java.lang.invoke.MemberName::clone (14 bytes)
Event: 1.071 Thread 0x0000000029470800 nmethod 600 0x0000000004713cd0 code [0x0000000004713e60, 0x00000000047141b8]
Event: 1.075 Thread 0x0000000029470800  603       3       java.util.Vector::elementData (7 bytes)
Event: 1.075 Thread 0x0000000029470800 nmethod 603 0x0000000004713910 code [0x0000000004713a60, 0x0000000004713bf0]

GC Heap History (0 events):
No events

Deoptimization events (1 events):
Event: 0.211 Thread 0x00000000000dd800 Uncommon trap: reason=unstable_if action=reinterpret pc=0x0000000004622218 method=java.lang.String.replace(CC)Ljava/lang/String; @ 26

Internal exceptions (10 events):
Event: 0.211 Thread 0x00000000000dd800 Exception <a 'java/security/PrivilegedActionException'> (0x0000000715e591a0) thrown at [D:\re\workspace\8-2-build-windows-amd64-cygwin\jdk8u77\6540\hotspot\src\share\vm\prims\jvm.cpp, line 1386]
Event: 0.211 Thread 0x00000000000dd800 Exception <a 'java/security/PrivilegedActionException'> (0x0000000715e593b0) thrown at [D:\re\workspace\8-2-build-windows-amd64-cygwin\jdk8u77\6540\hotspot\src\share\vm\prims\jvm.cpp, line 1386]
Event: 0.268 Thread 0x00000000000dd800 Exception <a 'sun/nio/fs/WindowsException'> (0x0000000715ea61c0) thrown at [D:\re\workspace\8-2-build-windows-amd64-cygwin\jdk8u77\6540\hotspot\src\share\vm\prims\jni.cpp, line 709]
Event: 0.268 Thread 0x00000000000dd800 Exception <a 'sun/nio/fs/WindowsException'> (0x0000000715ea6a50) thrown at [D:\re\workspace\8-2-build-windows-amd64-cygwin\jdk8u77\6540\hotspot\src\share\vm\prims\jni.cpp, line 709]
Event: 0.306 Thread 0x00000000000dd800 Exception <a 'sun/nio/fs/WindowsException'> (0x0000000715ee6738) thrown at [D:\re\workspace\8-2-build-windows-amd64-cygwin\jdk8u77\6540\hotspot\src\share\vm\prims\jni.cpp, line 709]
Event: 0.306 Thread 0x00000000000dd800 Exception <a 'sun/nio/fs/WindowsException'> (0x0000000715ee6e00) thrown at [D:\re\workspace\8-2-build-windows-amd64-cygwin\jdk8u77\6540\hotspot\src\share\vm\prims\jni.cpp, line 709]
Event: 0.862 Thread 0x00000000000dd800 Exception <a 'sun/nio/fs/WindowsException'> (0x0000000715ff63a0) thrown at [D:\re\workspace\8-2-build-windows-amd64-cygwin\jdk8u77\6540\hotspot\src\share\vm\prims\jni.cpp, line 709]
Event: 0.862 Thread 0x00000000000dd800 Exception <a 'sun/nio/fs/WindowsException'> (0x0000000715ff6ad0) thrown at [D:\re\workspace\8-2-build-windows-amd64-cygwin\jdk8u77\6540\hotspot\src\share\vm\prims\jni.cpp, line 709]
Event: 0.870 Thread 0x00000000000dd800 Exception <a 'sun/nio/fs/WindowsException'> (0x0000000715ffefe0) thrown at [D:\re\workspace\8-2-build-windows-amd64-cygwin\jdk8u77\6540\hotspot\src\share\vm\prims\jni.cpp, line 709]
Event: 0.870 Thread 0x00000000000dd800 Exception <a 'sun/nio/fs/WindowsException'> (0x0000000715fff5c0) thrown at [D:\re\workspace\8-2-build-windows-amd64-cygwin\jdk8u77\6540\hotspot\src\share\vm\prims\jni.cpp, line 709]

Events (10 events):
Event: 1.071 loading class model/SimpleModel
Event: 1.071 loading class model/SimpleModel done
Event: 1.072 loading class org/lwjgl/opengl/GL30C
Event: 1.072 loading class org/lwjgl/opengl/GL30C done
Event: 1.073 loading class org/lwjgl/opengl/GL21C
Event: 1.073 loading class org/lwjgl/opengl/GL21C done
Event: 1.074 loading class util/Matrix4f
Event: 1.074 loading class util/Matrix4f done
Event: 1.075 loading class util/Vector3f
Event: 1.075 loading class util/Vector3f done


Dynamic libraries:
0x00007ff7d00d0000 - 0x00007ff7d0107000 	C:\Program Files\Java\jdk1.8.0_77\bin\java.exe
0x00007fff01870000 - 0x00007fff01a50000 	C:\WINDOWS\SYSTEM32\ntdll.dll
0x00007fff00ba0000 - 0x00007fff00c4e000 	C:\WINDOWS\System32\KERNEL32.DLL
0x00007ffefe8c0000 - 0x00007ffefeb26000 	C:\WINDOWS\System32\KERNELBASE.dll
0x00007ffefede0000 - 0x00007ffefee81000 	C:\WINDOWS\System32\ADVAPI32.dll
0x00007fff00b00000 - 0x00007fff00b9d000 	C:\WINDOWS\System32\msvcrt.dll
0x00007fff00870000 - 0x00007fff008cb000 	C:\WINDOWS\System32\sechost.dll
0x00007fff009e0000 - 0x00007fff00aff000 	C:\WINDOWS\System32\RPCRT4.dll
0x00007fff006b0000 - 0x00007fff0083f000 	C:\WINDOWS\System32\USER32.dll
0x00007ffefed20000 - 0x00007ffefed40000 	C:\WINDOWS\System32\win32u.dll
0x00007fff00840000 - 0x00007fff00868000 	C:\WINDOWS\System32\GDI32.dll
0x00007ffefeb30000 - 0x00007ffefecc3000 	C:\WINDOWS\System32\gdi32full.dll
0x00007ffefe820000 - 0x00007ffefe8bb000 	C:\WINDOWS\System32\msvcp_win.dll
0x00007ffefe3c0000 - 0x00007ffefe4b6000 	C:\WINDOWS\System32\ucrtbase.dll
0x00007ffee7520000 - 0x00007ffee7789000 	C:\WINDOWS\WinSxS\amd64_microsoft.windows.common-controls_6595b64144ccf1df_6.0.16299.371_none_15c7d1789365a290\COMCTL32.dll
0x00007ffefee90000 - 0x00007ffeff198000 	C:\WINDOWS\System32\combase.dll
0x00007ffefe7a0000 - 0x00007ffefe812000 	C:\WINDOWS\System32\bcryptPrimitives.dll
0x00007ffefed40000 - 0x00007ffefed6d000 	C:\WINDOWS\System32\IMM32.DLL
0x0000000054040000 - 0x0000000054112000 	C:\Program Files\Java\jdk1.8.0_77\jre\bin\msvcr100.dll
0x0000000054120000 - 0x00000000549b0000 	C:\Program Files\Java\jdk1.8.0_77\jre\bin\server\jvm.dll
0x00007fff00690000 - 0x00007fff00698000 	C:\WINDOWS\System32\PSAPI.DLL
0x00007ffefad30000 - 0x00007ffefad39000 	C:\WINDOWS\SYSTEM32\WSOCK32.dll
0x00007ffefa660000 - 0x00007ffefa66a000 	C:\WINDOWS\SYSTEM32\VERSION.dll
0x00007ffefac60000 - 0x00007ffefac83000 	C:\WINDOWS\SYSTEM32\WINMM.dll
0x00007ffefed70000 - 0x00007ffefeddc000 	C:\WINDOWS\System32\WS2_32.dll
0x00007ffefac30000 - 0x00007ffefac5a000 	C:\WINDOWS\SYSTEM32\winmmbase.dll
0x00007ffefecd0000 - 0x00007ffefed1a000 	C:\WINDOWS\System32\cfgmgr32.dll
0x0000000053ff0000 - 0x0000000053fff000 	C:\Program Files\Java\jdk1.8.0_77\jre\bin\verify.dll
0x0000000053fc0000 - 0x0000000053fe9000 	C:\Program Files\Java\jdk1.8.0_77\jre\bin\java.dll
0x0000000053fa0000 - 0x0000000053fb6000 	C:\Program Files\Java\jdk1.8.0_77\jre\bin\zip.dll
0x00007ffeff1a0000 - 0x00007fff005d6000 	C:\WINDOWS\System32\SHELL32.dll
0x00007fff008d0000 - 0x00007fff00976000 	C:\WINDOWS\System32\shcore.dll
0x00007ffefdc70000 - 0x00007ffefe3b7000 	C:\WINDOWS\System32\windows.storage.dll
0x00007fff017e0000 - 0x00007fff01831000 	C:\WINDOWS\System32\shlwapi.dll
0x00007ffefdbe0000 - 0x00007ffefdbf1000 	C:\WINDOWS\System32\kernel.appcore.dll
0x00007ffefdc20000 - 0x00007ffefdc6c000 	C:\WINDOWS\System32\powrprof.dll
0x00007ffefdbc0000 - 0x00007ffefdbdb000 	C:\WINDOWS\System32\profapi.dll
0x0000000053f80000 - 0x0000000053f9a000 	C:\Program Files\Java\jdk1.8.0_77\jre\bin\net.dll
0x00007ffefd450000 - 0x00007ffefd4b6000 	C:\WINDOWS\system32\mswsock.dll
0x0000000053f60000 - 0x0000000053f71000 	C:\Program Files\Java\jdk1.8.0_77\jre\bin\nio.dll
0x00007ffeea090000 - 0x00007ffeea0f4000 	C:\Users\Eric\AppData\Local\Temp\lwjglEric\3.2.3-build-13\lwjgl.dll
0x00007ffee9b30000 - 0x00007ffee9b92000 	C:\Users\Eric\AppData\Local\Temp\lwjglEric\3.2.3-build-13\glfw.dll
0x00007ffefc390000 - 0x00007ffefc425000 	C:\WINDOWS\system32\uxtheme.dll
0x00007ffee9660000 - 0x00007ffee96a3000 	C:\WINDOWS\SYSTEM32\dinput8.dll
0x00007ffef8990000 - 0x00007ffef89a0000 	C:\WINDOWS\SYSTEM32\xinput1_4.dll
0x00007ffefd9d0000 - 0x00007ffefd9f7000 	C:\WINDOWS\SYSTEM32\DEVOBJ.dll
0x00007ffefc460000 - 0x00007ffefc48a000 	C:\WINDOWS\SYSTEM32\dwmapi.dll
0x00007ffef9070000 - 0x00007ffef909e000 	C:\WINDOWS\SYSTEM32\inputhost.dll
0x00007ffefba60000 - 0x00007ffefbb3c000 	C:\WINDOWS\SYSTEM32\CoreMessaging.dll
0x00007ffef9f10000 - 0x00007ffefa1fe000 	C:\WINDOWS\SYSTEM32\CoreUIComponents.dll
0x00007ffefccf0000 - 0x00007ffefcd21000 	C:\WINDOWS\SYSTEM32\ntmarta.dll
0x00007ffef9c00000 - 0x00007ffef9d36000 	C:\WINDOWS\SYSTEM32\wintypes.dll
0x00007fff00f10000 - 0x00007fff01077000 	C:\WINDOWS\System32\MSCTF.dll
0x00007fff00dc0000 - 0x00007fff00e85000 	C:\WINDOWS\System32\OLEAUT32.dll
0x00007ffec0d40000 - 0x00007ffec1031000 	C:\Program Files (x86)\LastPass\lastapphook_x64.dll
0x00007fff014d0000 - 0x00007fff01619000 	C:\WINDOWS\System32\ole32.dll
0x00007ffef8bd0000 - 0x00007ffef8c56000 	C:\WINDOWS\SYSTEM32\WINSPOOL.DRV
0x00007ffef7920000 - 0x00007ffef7927000 	C:\WINDOWS\SYSTEM32\MSIMG32.dll
0x00007ffee68d0000 - 0x00007ffee6a6c000 	C:\WINDOWS\WinSxS\amd64_microsoft.windows.gdiplus_6595b64144ccf1df_1.1.16299.371_none_46b2c45dedf81c5e\gdiplus.dll
0x00007ffee7a30000 - 0x00007ffee7a9e000 	C:\WINDOWS\SYSTEM32\OLEACC.dll
0x00007ffefd720000 - 0x00007ffefd745000 	C:\WINDOWS\SYSTEM32\bcrypt.dll
0x00007ffefd1e0000 - 0x00007ffefd219000 	C:\WINDOWS\SYSTEM32\IPHLPAPI.DLL
0x00007ffefdac0000 - 0x00007ffefdaf0000 	C:\WINDOWS\SYSTEM32\SspiCli.dll
0x00007ffefc990000 - 0x00007ffefc99c000 	C:\WINDOWS\SYSTEM32\HID.DLL
0x00007fff01080000 - 0x00007fff014ce000 	C:\WINDOWS\System32\SETUPAPI.DLL
0x00007ffefe4c0000 - 0x00007ffefe518000 	C:\WINDOWS\System32\WINTRUST.dll
0x00007ffefdc00000 - 0x00007ffefdc12000 	C:\WINDOWS\System32\MSASN1.dll
0x00007ffefe5d0000 - 0x00007ffefe79e000 	C:\WINDOWS\System32\CRYPT32.dll
0x00007ffee8480000 - 0x00007ffee859e000 	C:\WINDOWS\SYSTEM32\opengl32.dll
0x00007ffef2c30000 - 0x00007ffef2c5c000 	C:\WINDOWS\SYSTEM32\GLU32.dll
0x0000000051590000 - 0x0000000053cd3000 	C:\WINDOWS\System32\DriverStore\FileRepository\nv_dispi.inf_amd64_ed316ebc2bdc1c66\nvoglv64.dll
0x00007ffefa8b0000 - 0x00007ffefa8c3000 	C:\WINDOWS\SYSTEM32\WTSAPI32.dll
0x00007ffed1240000 - 0x00007ffed1502000 	C:\WINDOWS\system32\nvspcap64.dll
0x00007ffefcd60000 - 0x00007ffefcdb5000 	C:\WINDOWS\SYSTEM32\WINSTA.dll
0x00007ffeeecc0000 - 0x00007ffeeed58000 	C:\WINDOWS\System32\TextInputFramework.dll
0x00007ffee95b0000 - 0x00007ffee9609000 	C:\Users\Eric\AppData\Local\Temp\lwjglEric\3.2.3-build-13\lwjgl_opengl.dll
0x00007ffef8e70000 - 0x00007ffef9038000 	C:\WINDOWS\SYSTEM32\dbghelp.dll

VM Arguments:
jvm_args: -Dfile.encoding=UTF-8 
java_command: main.main
java_class_path (initial): C:\Users\Eric\Source\Repos\lwjgl 3.2.3\lwjgl-cuda.jar;C:\Users\Eric\Source\Repos\lwjgl 3.2.3\lwjgl-egl.jar;C:\Users\Eric\Source\Repos\lwjgl 3.2.3\lwjgl-glfw-natives-windows.jar;C:\Users\Eric\Source\Repos\lwjgl 3.2.3\lwjgl-glfw.jar;C:\Users\Eric\Source\Repos\lwjgl 3.2.3\lwjgl-natives-windows.jar;C:\Users\Eric\Source\Repos\lwjgl 3.2.3\lwjgl-openal-natives-windows.jar;C:\Users\Eric\Source\Repos\lwjgl 3.2.3\lwjgl-openal.jar;C:\Users\Eric\Source\Repos\lwjgl 3.2.3\lwjgl-opencl.jar;C:\Users\Eric\Source\Repos\lwjgl 3.2.3\lwjgl-opengl-natives-windows.jar;C:\Users\Eric\Source\Repos\lwjgl 3.2.3\lwjgl-opengl.jar;C:\Users\Eric\Source\Repos\lwjgl 3.2.3\lwjgl-opengles-natives-windows.jar;C:\Users\Eric\Source\Repos\lwjgl 3.2.3\lwjgl-opengles.jar;C:\Users\Eric\Source\Repos\lwjgl 3.2.3\lwjgl-openvr-natives-windows.jar;C:\Users\Eric\Source\Repos\lwjgl 3.2.3\lwjgl-openvr.jar;C:\Users\Eric\Source\Repos\lwjgl 3.2.3\lwjgl-tootle-natives-windows.jar;C:\Users\Eric\Source\Repos\lwjgl 3.2.3\lwjgl-tootle.jar;C:\Users\Eric\Source\Repos\lwjgl 3.2.3\lwjgl.jar;C:\Users\Eric\Documents\NetBeansProjects\ComputerGraphics-3Dgame\build\classes
Launcher Type: SUN_STANDARD

Environment Variables:
PATH=C:\Program Files (x86)\Common Files\Oracle\Java\javapath;C:\ProgramData\Oracle\Java\javapath;C:\Windows\system32;C:\Windows;C:\Windows\System32\Wbem;C:\Windows\System32\WindowsPowerShell\v1.0\;C:\Program Files (x86)\NVIDIA Corporation\PhysX\Common;C:\Program Files (x86)\Skype\Phone\;C:\Program Files\Microsoft SQL Server\110\Tools\Binn\;C:\Program Files\Git\cmd;C:\WINDOWS\system32;C:\WINDOWS;C:\WINDOWS\System32\Wbem;C:\WINDOWS\System32\WindowsPowerShell\v1.0\;C:\Program Files\dotnet\;C:\Program Files\Microsoft SQL Server\130\Tools\Binn\;D:\Programs\MATLAB\R2019a\bin;C:\Program Files\NVIDIA Corporation\NVIDIA NvDLISR;C:\Program Files (x86)\IVI Foundation\VISA\WinNT\Bin;D:\Programs\PuTTY\;C:\Users\Eric\AppData\Local\Microsoft\WindowsApps;
USERNAME=Eric
OS=Windows_NT
PROCESSOR_IDENTIFIER=Intel64 Family 6 Model 42 Stepping 7, GenuineIntel



---------------  S Y S T E M  ---------------

OS: Windows 10.0 , 64 bit Build 16299 (10.0.16299.15)

CPU:total 8 (4 cores per cpu, 2 threads per core) family 6 model 42 stepping 7, cmov, cx8, fxsr, mmx, sse, sse2, sse3, ssse3, sse4.1, sse4.2, popcnt, avx, aes, clmul, ht, tsc, tscinvbit

Memory: 4k page, physical 33520780k(22512928k free), swap 38501516k(21373140k free)

vm_info: Java HotSpot(TM) 64-Bit Server VM (25.77-b03) for windows-amd64 JRE (1.8.0_77-b03), built on Mar 20 2016 22:01:33 by "java_re" with MS VC++ 10.0 (VS2010)

time: Sun Feb 02 21:21:02 2020
elapsed time: 1 seconds (0d 0h 0m 1s)

